----------------------------------------
Timestamp: 2015-10-17 09:04:35

Message: HandlingInstanceID: c6199dcb-d995-4b12-bc05-211a2af2f8a1
An exception of type 'System.Collections.Generic.KeyNotFoundException' occurred and was caught.
-----------------------------------------------------------------------------------------------
10/17/2015 17:04:35
Type : System.Collections.Generic.KeyNotFoundException, mscorlib, Version=4.0.0.0, Culture=neutral, PublicKeyToken=b77a5c561934e089
Message : 给定关键字不在字典中。
Source : mscorlib
Help link : 
Data : System.Collections.ListDictionaryInternal
TargetSite : TValue get_Item(TKey)
HResult : -2146232969
Stack Trace :    在 System.Collections.Generic.Dictionary`2.get_Item(TKey key)
   在 EFWCoreLib.CoreFrame.Init.AppPluginManage.GetPluginWinformControllerAttributeInfo(String pluginname, String name, ModulePlugin& mp) 位置 d:\工作台\efwplus_taobao\KKKProject\efwplus_wcfframe\EFWCoreLib\CoreFrame\Init\AppPluginManage.cs:行号 137
   在 EFWCoreLib.WcfFrame.ClientController.ControllerHelper.CreateController(String controllername) 位置 d:\工作台\efwplus_taobao\KKKProject\efwplus_wcfframe\EFWCoreLib\WcfFrame\ClientController\ControllerHelper.cs:行号 23
   在 EFWCoreLib.CoreFrame.Init.AppGlobal.AppGlobal_Init(Object sender, EventArgs e) 位置 d:\工作台\efwplus_taobao\KKKProject\efwplus_wcfframe\EFWCoreLib\CoreFrame\Init\AppGlobal.cs:行号 234

Additional Info:

MachineName : HY-PC
TimeStamp : 2015-10-17 09:04:35
FullName : Microsoft.Practices.EnterpriseLibrary.ExceptionHandling, Version=5.0.414.0, Culture=neutral, PublicKeyToken=31bf3856ad364e35
AppDomainName : EFWWin.vshost.exe
ThreadIdentity : 
WindowsIdentity : HY-PC\Administrator


Category: FileLog

Priority: 0

EventId: 100

Severity: Error

Title:Enterprise Library Exception Handling

Machine: HY-PC

App Domain: EFWWin.vshost.exe

ProcessId: 8100

Process Name: D:\工作台\efwplus_taobao\KKKProject\efwplus_wcfframe\Output\EFWWin.vshost.exe

Thread Name: 

Win32 ThreadId:6032

Extended Properties: 
----------------------------------------
----------------------------------------
Timestamp: 2015-10-17 09:06:45

Message: HandlingInstanceID: c869b976-23b2-4b0f-a184-50a0c449364c
An exception of type 'System.Collections.Generic.KeyNotFoundException' occurred and was caught.
-----------------------------------------------------------------------------------------------
10/17/2015 17:06:45
Type : System.Collections.Generic.KeyNotFoundException, mscorlib, Version=4.0.0.0, Culture=neutral, PublicKeyToken=b77a5c561934e089
Message : 给定关键字不在字典中。
Source : mscorlib
Help link : 
Data : System.Collections.ListDictionaryInternal
TargetSite : TValue get_Item(TKey)
HResult : -2146232969
Stack Trace :    在 System.Collections.Generic.Dictionary`2.get_Item(TKey key)
   在 EFWCoreLib.CoreFrame.Init.AppPluginManage.GetPluginWinformControllerAttributeInfo(String pluginname, String name, ModulePlugin& mp) 位置 d:\工作台\efwplus_taobao\KKKProject\efwplus_wcfframe\EFWCoreLib\CoreFrame\Init\AppPluginManage.cs:行号 137
   在 EFWCoreLib.WcfFrame.ClientController.ControllerHelper.CreateController(String controllername) 位置 d:\工作台\efwplus_taobao\KKKProject\efwplus_wcfframe\EFWCoreLib\WcfFrame\ClientController\ControllerHelper.cs:行号 23
   在 EFWCoreLib.CoreFrame.Init.AppGlobal.AppGlobal_Init(Object sender, EventArgs e) 位置 d:\工作台\efwplus_taobao\KKKProject\efwplus_wcfframe\EFWCoreLib\CoreFrame\Init\AppGlobal.cs:行号 234

Additional Info:

MachineName : HY-PC
TimeStamp : 2015-10-17 09:06:45
FullName : Microsoft.Practices.EnterpriseLibrary.ExceptionHandling, Version=5.0.414.0, Culture=neutral, PublicKeyToken=31bf3856ad364e35
AppDomainName : EFWWin.vshost.exe
ThreadIdentity : 
WindowsIdentity : HY-PC\Administrator


Category: FileLog

Priority: 0

EventId: 100

Severity: Error

Title:Enterprise Library Exception Handling

Machine: HY-PC

App Domain: EFWWin.vshost.exe

ProcessId: 2400

Process Name: D:\工作台\efwplus_taobao\KKKProject\efwplus_wcfframe\Output\EFWWin.vshost.exe

Thread Name: 

Win32 ThreadId:5144

Extended Properties: 
----------------------------------------
----------------------------------------
Timestamp: 2015-10-17 09:07:00

Message: HandlingInstanceID: 3c24eab9-b37b-4b19-8aac-700b97e183f3
An exception of type 'System.Collections.Generic.KeyNotFoundException' occurred and was caught.
-----------------------------------------------------------------------------------------------
10/17/2015 17:07:00
Type : System.Collections.Generic.KeyNotFoundException, mscorlib, Version=4.0.0.0, Culture=neutral, PublicKeyToken=b77a5c561934e089
Message : 给定关键字不在字典中。
Source : mscorlib
Help link : 
Data : System.Collections.ListDictionaryInternal
TargetSite : TValue get_Item(TKey)
HResult : -2146232969
Stack Trace :    在 System.Collections.Generic.Dictionary`2.get_Item(TKey key)
   在 EFWCoreLib.CoreFrame.Init.AppPluginManage.GetPluginWinformControllerAttributeInfo(String pluginname, String name, ModulePlugin& mp) 位置 d:\工作台\efwplus_taobao\KKKProject\efwplus_wcfframe\EFWCoreLib\CoreFrame\Init\AppPluginManage.cs:行号 137
   在 EFWCoreLib.WcfFrame.ClientController.ControllerHelper.CreateController(String controllername) 位置 d:\工作台\efwplus_taobao\KKKProject\efwplus_wcfframe\EFWCoreLib\WcfFrame\ClientController\ControllerHelper.cs:行号 23
   在 EFWCoreLib.CoreFrame.Init.AppGlobal.AppGlobal_Init(Object sender, EventArgs e) 位置 d:\工作台\efwplus_taobao\KKKProject\efwplus_wcfframe\EFWCoreLib\CoreFrame\Init\AppGlobal.cs:行号 234

Additional Info:

MachineName : HY-PC
TimeStamp : 2015-10-17 09:07:00
FullName : Microsoft.Practices.EnterpriseLibrary.ExceptionHandling, Version=5.0.414.0, Culture=neutral, PublicKeyToken=31bf3856ad364e35
AppDomainName : EFWWin.vshost.exe
ThreadIdentity : 
WindowsIdentity : HY-PC\Administrator


Category: FileLog

Priority: 0

EventId: 100

Severity: Error

Title:Enterprise Library Exception Handling

Machine: HY-PC

App Domain: EFWWin.vshost.exe

ProcessId: 7952

Process Name: D:\工作台\efwplus_taobao\KKKProject\efwplus_wcfframe\Output\EFWWin.vshost.exe

Thread Name: 

Win32 ThreadId:3300

Extended Properties: 
----------------------------------------
----------------------------------------
Timestamp: 2015-10-17 09:12:09

Message: HandlingInstanceID: e16e2e87-b530-447b-93bd-95a4b0a31d75
An exception of type 'System.Exception' occurred and was caught.
----------------------------------------------------------------
10/17/2015 17:12:09
Type : System.Exception, mscorlib, Version=4.0.0.0, Culture=neutral, PublicKeyToken=b77a5c561934e089
Message : 无法连接到 net.tcp://127.0.0.1:9999/WCFHandlerService。连接尝试持续了 00:00:01.1830326 时间跨度。TCP 错误代码 10061: 由于目标计算机积极拒绝，无法连接。 127.0.0.1:9999。
Source : EFWCoreLib
Help link : 
Data : System.Collections.ListDictionaryInternal
TargetSite : Void CreateConnection(EFWCoreLib.WcfFrame.WcfService.Contract.IClientService)
HResult : -2146233088
Stack Trace :    在 EFWCoreLib.WcfFrame.ClientController.WcfClientManage.CreateConnection(IClientService client) 位置 d:\工作台\efwplus_taobao\KKKProject\efwplus_wcfframe\EFWCoreLib\WcfFrame\ClientController\WcfClientManage.cs:行号 68
   在 EFWCoreLib.CoreFrame.Init.AppGlobal.AppGlobal_Init(Object sender, EventArgs e) 位置 d:\工作台\efwplus_taobao\KKKProject\efwplus_wcfframe\EFWCoreLib\CoreFrame\Init\AppGlobal.cs:行号 239

Additional Info:

MachineName : HY-PC
TimeStamp : 2015-10-17 09:12:09
FullName : Microsoft.Practices.EnterpriseLibrary.ExceptionHandling, Version=5.0.414.0, Culture=neutral, PublicKeyToken=31bf3856ad364e35
AppDomainName : EFWWin.vshost.exe
ThreadIdentity : 
WindowsIdentity : HY-PC\Administrator


Category: FileLog

Priority: 0

EventId: 100

Severity: Error

Title:Enterprise Library Exception Handling

Machine: HY-PC

App Domain: EFWWin.vshost.exe

ProcessId: 3488

Process Name: D:\工作台\efwplus_taobao\KKKProject\efwplus_wcfframe\Output\EFWWin.vshost.exe

Thread Name: 

Win32 ThreadId:7876

Extended Properties: 
----------------------------------------
----------------------------------------
Timestamp: 2015-10-17 09:12:38

Message: HandlingInstanceID: 7dace85d-1927-4edb-a28a-16d3a308adeb
An exception of type 'System.Exception' occurred and was caught.
----------------------------------------------------------------
10/17/2015 17:12:38
Type : System.Exception, mscorlib, Version=4.0.0.0, Culture=neutral, PublicKeyToken=b77a5c561934e089
Message : 无法连接到 net.tcp://127.0.0.1:9999/WCFHandlerService。连接尝试持续了 00:00:01.0890305 时间跨度。TCP 错误代码 10061: 由于目标计算机积极拒绝，无法连接。 127.0.0.1:9999。
Source : EFWCoreLib
Help link : 
Data : System.Collections.ListDictionaryInternal
TargetSite : Void CreateConnection(EFWCoreLib.WcfFrame.WcfService.Contract.IClientService)
HResult : -2146233088
Stack Trace :    在 EFWCoreLib.WcfFrame.ClientController.WcfClientManage.CreateConnection(IClientService client) 位置 d:\工作台\efwplus_taobao\KKKProject\efwplus_wcfframe\EFWCoreLib\WcfFrame\ClientController\WcfClientManage.cs:行号 68
   在 EFWCoreLib.CoreFrame.Init.AppGlobal.AppGlobal_Init(Object sender, EventArgs e) 位置 d:\工作台\efwplus_taobao\KKKProject\efwplus_wcfframe\EFWCoreLib\CoreFrame\Init\AppGlobal.cs:行号 239

Additional Info:

MachineName : HY-PC
TimeStamp : 2015-10-17 09:12:38
FullName : Microsoft.Practices.EnterpriseLibrary.ExceptionHandling, Version=5.0.414.0, Culture=neutral, PublicKeyToken=31bf3856ad364e35
AppDomainName : EFWWin.vshost.exe
ThreadIdentity : 
WindowsIdentity : HY-PC\Administrator


Category: FileLog

Priority: 0

EventId: 100

Severity: Error

Title:Enterprise Library Exception Handling

Machine: HY-PC

App Domain: EFWWin.vshost.exe

ProcessId: 1700

Process Name: D:\工作台\efwplus_taobao\KKKProject\efwplus_wcfframe\Output\EFWWin.vshost.exe

Thread Name: 

Win32 ThreadId:1708

Extended Properties: 
----------------------------------------
----------------------------------------
Timestamp: 2015-10-17 15:24:50

Message: HandlingInstanceID: a7d273b3-93e0-40f8-ae1e-a1e2f18df55b
An exception of type 'System.Exception' occurred and was caught.
----------------------------------------------------------------
10/17/2015 23:24:50
Type : System.Exception, mscorlib, Version=4.0.0.0, Culture=neutral, PublicKeyToken=b77a5c561934e089
Message : 无法连接到 net.tcp://127.0.0.1:9999/WCFHandlerService。连接尝试持续了 00:00:01.4220032 时间跨度。TCP 错误代码 10061: 由于目标计算机积极拒绝，无法连接。 127.0.0.1:9999。
Source : EFWCoreLib
Help link : 
Data : System.Collections.ListDictionaryInternal
TargetSite : Void CreateConnection(EFWCoreLib.WcfFrame.WcfService.Contract.IClientService)
HResult : -2146233088
Stack Trace :    在 EFWCoreLib.WcfFrame.ClientController.WcfClientManage.CreateConnection(IClientService client) 位置 d:\工作台\efwplus_taobao\KKKProject\efwplus_wcfframe\EFWCoreLib\WcfFrame\ClientController\WcfClientManage.cs:行号 68
   在 EFWCoreLib.CoreFrame.Init.AppGlobal.AppGlobal_Init(Object sender, EventArgs e) 位置 d:\工作台\efwplus_taobao\KKKProject\efwplus_wcfframe\EFWCoreLib\CoreFrame\Init\AppGlobal.cs:行号 240

Additional Info:

MachineName : HY-PC
TimeStamp : 2015-10-17 15:24:50
FullName : Microsoft.Practices.EnterpriseLibrary.ExceptionHandling, Version=5.0.414.0, Culture=neutral, PublicKeyToken=31bf3856ad364e35
AppDomainName : EFWWin.vshost.exe
ThreadIdentity : 
WindowsIdentity : HY-PC\Administrator


Category: FileLog

Priority: 0

EventId: 100

Severity: Error

Title:Enterprise Library Exception Handling

Machine: HY-PC

App Domain: EFWWin.vshost.exe

ProcessId: 5208

Process Name: D:\工作台\efwplus_taobao\KKKProject\efwplus_wcfframe\Output\EFWWin.vshost.exe

Thread Name: 

Win32 ThreadId:8760

Extended Properties: 
----------------------------------------
----------------------------------------
Timestamp: 2015-10-19 12:56:34

Message: HandlingInstanceID: ae5f1869-dc52-42b4-9215-ccdae4a0fa7a
An exception of type 'System.Exception' occurred and was caught.
----------------------------------------------------------------
10/19/2015 20:56:33
Type : System.Exception, mscorlib, Version=4.0.0.0, Culture=neutral, PublicKeyToken=b77a5c561934e089
Message : 未将对象引用设置到对象的实例。
Source : EFWCoreLib
Help link : 
Data : System.Collections.ListDictionaryInternal
TargetSite : Void CreateConnection(EFWCoreLib.WcfFrame.WcfService.Contract.IClientService)
HResult : -2146233088
Stack Trace :    在 EFWCoreLib.WcfFrame.ClientController.WcfClientManage.CreateConnection(IClientService client) 位置 d:\工作台\efwplus_taobao\KKKProject\efwplus_wcfframe\EFWCoreLib\WcfFrame\ClientController\WcfClientManage.cs:行号 68
   在 EFWCoreLib.CoreFrame.Init.AppGlobal.AppGlobal_Init(Object sender, EventArgs e) 位置 d:\工作台\efwplus_taobao\KKKProject\efwplus_wcfframe\EFWCoreLib\CoreFrame\Init\AppGlobal.cs:行号 240

Additional Info:

MachineName : HY-PC
TimeStamp : 2015-10-19 12:56:34
FullName : Microsoft.Practices.EnterpriseLibrary.ExceptionHandling, Version=5.0.414.0, Culture=neutral, PublicKeyToken=31bf3856ad364e35
AppDomainName : EFWWin.exe
ThreadIdentity : 
WindowsIdentity : HY-PC\Administrator


Category: FileLog

Priority: 0

EventId: 100

Severity: Error

Title:Enterprise Library Exception Handling

Machine: HY-PC

App Domain: EFWWin.exe

ProcessId: 7572

Process Name: D:\工作台\efwplus_taobao\KKKProject\efwplus_wcfframe\Output\EFWWin.exe

Thread Name: 

Win32 ThreadId:4872

Extended Properties: 
----------------------------------------
----------------------------------------
Timestamp: 2015-10-19 12:58:40

Message: HandlingInstanceID: 1929d29f-66f3-440d-abe7-8a4687d811fb
An exception of type 'System.Exception' occurred and was caught.
----------------------------------------------------------------
10/19/2015 20:58:40
Type : System.Exception, mscorlib, Version=4.0.0.0, Culture=neutral, PublicKeyToken=b77a5c561934e089
Message : 未将对象引用设置到对象的实例。
Source : EFWCoreLib
Help link : 
Data : System.Collections.ListDictionaryInternal
TargetSite : Void CreateConnection(EFWCoreLib.WcfFrame.WcfService.Contract.IClientService)
HResult : -2146233088
Stack Trace :    在 EFWCoreLib.WcfFrame.ClientController.WcfClientManage.CreateConnection(IClientService client) 位置 d:\工作台\efwplus_taobao\KKKProject\efwplus_wcfframe\EFWCoreLib\WcfFrame\ClientController\WcfClientManage.cs:行号 68
   在 EFWCoreLib.CoreFrame.Init.AppGlobal.AppGlobal_Init(Object sender, EventArgs e) 位置 d:\工作台\efwplus_taobao\KKKProject\efwplus_wcfframe\EFWCoreLib\CoreFrame\Init\AppGlobal.cs:行号 240

Additional Info:

MachineName : HY-PC
TimeStamp : 2015-10-19 12:58:40
FullName : Microsoft.Practices.EnterpriseLibrary.ExceptionHandling, Version=5.0.414.0, Culture=neutral, PublicKeyToken=31bf3856ad364e35
AppDomainName : EFWWin.exe
ThreadIdentity : 
WindowsIdentity : HY-PC\Administrator


Category: FileLog

Priority: 0

EventId: 100

Severity: Error

Title:Enterprise Library Exception Handling

Machine: HY-PC

App Domain: EFWWin.exe

ProcessId: 7088

Process Name: D:\工作台\efwplus_taobao\KKKProject\efwplus_wcfframe\Output\EFWWin.exe

Thread Name: 

Win32 ThreadId:3272

Extended Properties: 
----------------------------------------
----------------------------------------
Timestamp: 2015-10-19 12:59:20

Message: HandlingInstanceID: 0f3888af-9011-42b5-9e8b-8b6d4d6c8940
An exception of type 'System.Exception' occurred and was caught.
----------------------------------------------------------------
10/19/2015 20:59:20
Type : System.Exception, mscorlib, Version=4.0.0.0, Culture=neutral, PublicKeyToken=b77a5c561934e089
Message : 未将对象引用设置到对象的实例。
Source : EFWCoreLib
Help link : 
Data : System.Collections.ListDictionaryInternal
TargetSite : Void CreateConnection(EFWCoreLib.WcfFrame.WcfService.Contract.IClientService)
HResult : -2146233088
Stack Trace :    在 EFWCoreLib.WcfFrame.ClientController.WcfClientManage.CreateConnection(IClientService client) 位置 d:\工作台\efwplus_taobao\KKKProject\efwplus_wcfframe\EFWCoreLib\WcfFrame\ClientController\WcfClientManage.cs:行号 68
   在 EFWCoreLib.CoreFrame.Init.AppGlobal.AppGlobal_Init(Object sender, EventArgs e) 位置 d:\工作台\efwplus_taobao\KKKProject\efwplus_wcfframe\EFWCoreLib\CoreFrame\Init\AppGlobal.cs:行号 240

Additional Info:

MachineName : HY-PC
TimeStamp : 2015-10-19 12:59:20
FullName : Microsoft.Practices.EnterpriseLibrary.ExceptionHandling, Version=5.0.414.0, Culture=neutral, PublicKeyToken=31bf3856ad364e35
AppDomainName : EFWWin.exe
ThreadIdentity : 
WindowsIdentity : HY-PC\Administrator


Category: FileLog

Priority: 0

EventId: 100

Severity: Error

Title:Enterprise Library Exception Handling

Machine: HY-PC

App Domain: EFWWin.exe

ProcessId: 7336

Process Name: D:\工作台\efwplus_taobao\KKKProject\efwplus_wcfframe\Output\EFWWin.exe

Thread Name: 

Win32 ThreadId:6104

Extended Properties: 
----------------------------------------
----------------------------------------
Timestamp: 2015-10-19 13:00:16

Message: HandlingInstanceID: f629d7bc-c04e-4983-b160-e3519dfece9d
An exception of type 'System.Exception' occurred and was caught.
----------------------------------------------------------------
10/19/2015 21:00:16
Type : System.Exception, mscorlib, Version=4.0.0.0, Culture=neutral, PublicKeyToken=b77a5c561934e089
Message : 未将对象引用设置到对象的实例。
Source : EFWCoreLib
Help link : 
Data : System.Collections.ListDictionaryInternal
TargetSite : Void CreateConnection(EFWCoreLib.WcfFrame.WcfService.Contract.IClientService)
HResult : -2146233088
Stack Trace :    在 EFWCoreLib.WcfFrame.ClientController.WcfClientManage.CreateConnection(IClientService client) 位置 d:\工作台\efwplus_taobao\KKKProject\efwplus_wcfframe\EFWCoreLib\WcfFrame\ClientController\WcfClientManage.cs:行号 68
   在 EFWCoreLib.CoreFrame.Init.AppGlobal.AppGlobal_Init(Object sender, EventArgs e) 位置 d:\工作台\efwplus_taobao\KKKProject\efwplus_wcfframe\EFWCoreLib\CoreFrame\Init\AppGlobal.cs:行号 240

Additional Info:

MachineName : HY-PC
TimeStamp : 2015-10-19 13:00:16
FullName : Microsoft.Practices.EnterpriseLibrary.ExceptionHandling, Version=5.0.414.0, Culture=neutral, PublicKeyToken=31bf3856ad364e35
AppDomainName : EFWWin.vshost.exe
ThreadIdentity : 
WindowsIdentity : HY-PC\Administrator


Category: FileLog

Priority: 0

EventId: 100

Severity: Error

Title:Enterprise Library Exception Handling

Machine: HY-PC

App Domain: EFWWin.vshost.exe

ProcessId: 7668

Process Name: D:\工作台\efwplus_taobao\KKKProject\efwplus_wcfframe\Output\EFWWin.vshost.exe

Thread Name: 

Win32 ThreadId:7864

Extended Properties: 
----------------------------------------
----------------------------------------
Timestamp: 2015-10-19 13:02:36

Message: HandlingInstanceID: 81f5fa19-f392-4f4f-a1f1-762564d8da37
An exception of type 'System.Exception' occurred and was caught.
----------------------------------------------------------------
10/19/2015 21:02:36
Type : System.Exception, mscorlib, Version=4.0.0.0, Culture=neutral, PublicKeyToken=b77a5c561934e089
Message : 未将对象引用设置到对象的实例。
Source : EFWCoreLib
Help link : 
Data : System.Collections.ListDictionaryInternal
TargetSite : Void CreateConnection(EFWCoreLib.WcfFrame.WcfService.Contract.IClientService)
HResult : -2146233088
Stack Trace :    在 EFWCoreLib.WcfFrame.ClientController.WcfClientManage.CreateConnection(IClientService client) 位置 d:\工作台\efwplus_taobao\KKKProject\efwplus_wcfframe\EFWCoreLib\WcfFrame\ClientController\WcfClientManage.cs:行号 68
   在 EFWCoreLib.CoreFrame.Init.AppGlobal.AppGlobal_Init(Object sender, EventArgs e) 位置 d:\工作台\efwplus_taobao\KKKProject\efwplus_wcfframe\EFWCoreLib\CoreFrame\Init\AppGlobal.cs:行号 240

Additional Info:

MachineName : HY-PC
TimeStamp : 2015-10-19 13:02:36
FullName : Microsoft.Practices.EnterpriseLibrary.ExceptionHandling, Version=5.0.414.0, Culture=neutral, PublicKeyToken=31bf3856ad364e35
AppDomainName : EFWWin.vshost.exe
ThreadIdentity : 
WindowsIdentity : HY-PC\Administrator


Category: FileLog

Priority: 0

EventId: 100

Severity: Error

Title:Enterprise Library Exception Handling

Machine: HY-PC

App Domain: EFWWin.vshost.exe

ProcessId: 6780

Process Name: D:\工作台\efwplus_taobao\KKKProject\efwplus_wcfframe\Output\EFWWin.vshost.exe

Thread Name: 

Win32 ThreadId:1856

Extended Properties: 
----------------------------------------
----------------------------------------
Timestamp: 2015-10-19 13:07:50

Message: HandlingInstanceID: c8353971-56dc-4ac4-9096-555340a8043a
An exception of type 'System.Exception' occurred and was caught.
----------------------------------------------------------------
10/19/2015 21:07:50
Type : System.Exception, mscorlib, Version=4.0.0.0, Culture=neutral, PublicKeyToken=b77a5c561934e089
Message : 发送到 net.tcp://127.0.0.1:8888/RouterService 的请求操作在配置的超时(00:00:59.9969998)内未收到回复。分配给此操作的时间可能已经是更长超时的一部分。这可能由于服务仍在处理操作或服务无法发送回复消息。请考虑增加操作超时(将通道/代理转换为 IContextChannel 并设置 OperationTimeout 属性)并确保服务能够连接到客户端。
Source : EFWCoreLib
Help link : 
Data : System.Collections.ListDictionaryInternal
TargetSite : Void CreateConnection(EFWCoreLib.WcfFrame.WcfService.Contract.IClientService)
HResult : -2146233088
Stack Trace :    在 EFWCoreLib.WcfFrame.ClientController.WcfClientManage.CreateConnection(IClientService client) 位置 d:\工作台\efwplus_taobao\KKKProject\efwplus_wcfframe\EFWCoreLib\WcfFrame\ClientController\WcfClientManage.cs:行号 68
   在 EFWCoreLib.CoreFrame.Init.AppGlobal.AppGlobal_Init(Object sender, EventArgs e) 位置 d:\工作台\efwplus_taobao\KKKProject\efwplus_wcfframe\EFWCoreLib\CoreFrame\Init\AppGlobal.cs:行号 240

Additional Info:

MachineName : HY-PC
TimeStamp : 2015-10-19 13:07:50
FullName : Microsoft.Practices.EnterpriseLibrary.ExceptionHandling, Version=5.0.414.0, Culture=neutral, PublicKeyToken=31bf3856ad364e35
AppDomainName : EFWWin.exe
ThreadIdentity : 
WindowsIdentity : HY-PC\Administrator


Category: FileLog

Priority: 0

EventId: 100

Severity: Error

Title:Enterprise Library Exception Handling

Machine: HY-PC

App Domain: EFWWin.exe

ProcessId: 7700

Process Name: D:\工作台\efwplus_taobao\KKKProject\efwplus_wcfframe\Output\EFWWin.exe

Thread Name: 

Win32 ThreadId:7752

Extended Properties: 
----------------------------------------
----------------------------------------
Timestamp: 2015-10-19 13:12:29

Message: HandlingInstanceID: d308875f-96f2-4135-9dc3-b9f2c356e5e6
An exception of type 'System.Exception' occurred and was caught.
----------------------------------------------------------------
10/19/2015 21:12:29
Type : System.Exception, mscorlib, Version=4.0.0.0, Culture=neutral, PublicKeyToken=b77a5c561934e089
Message : 发送到 net.tcp://127.0.0.1:8888/RouterService 的请求操作在配置的超时(00:00:59.9990000)内未收到回复。分配给此操作的时间可能已经是更长超时的一部分。这可能由于服务仍在处理操作或服务无法发送回复消息。请考虑增加操作超时(将通道/代理转换为 IContextChannel 并设置 OperationTimeout 属性)并确保服务能够连接到客户端。
Source : EFWCoreLib
Help link : 
Data : System.Collections.ListDictionaryInternal
TargetSite : Void CreateConnection(EFWCoreLib.WcfFrame.WcfService.Contract.IClientService)
HResult : -2146233088
Stack Trace :    在 EFWCoreLib.WcfFrame.ClientController.WcfClientManage.CreateConnection(IClientService client) 位置 d:\工作台\efwplus_taobao\KKKProject\efwplus_wcfframe\EFWCoreLib\WcfFrame\ClientController\WcfClientManage.cs:行号 68
   在 EFWCoreLib.CoreFrame.Init.AppGlobal.AppGlobal_Init(Object sender, EventArgs e) 位置 d:\工作台\efwplus_taobao\KKKProject\efwplus_wcfframe\EFWCoreLib\CoreFrame\Init\AppGlobal.cs:行号 240

Additional Info:

MachineName : HY-PC
TimeStamp : 2015-10-19 13:12:29
FullName : Microsoft.Practices.EnterpriseLibrary.ExceptionHandling, Version=5.0.414.0, Culture=neutral, PublicKeyToken=31bf3856ad364e35
AppDomainName : EFWWin.exe
ThreadIdentity : 
WindowsIdentity : HY-PC\Administrator


Category: FileLog

Priority: 0

EventId: 100

Severity: Error

Title:Enterprise Library Exception Handling

Machine: HY-PC

App Domain: EFWWin.exe

ProcessId: 6240

Process Name: D:\工作台\efwplus_taobao\KKKProject\efwplus_wcfframe\Output\EFWWin.exe

Thread Name: 

Win32 ThreadId:7488

Extended Properties: 
----------------------------------------
----------------------------------------
Timestamp: 2015-10-19 13:17:29

Message: HandlingInstanceID: cd289cbe-78b1-415a-abf1-1e6dfdc11b6c
An exception of type 'System.Exception' occurred and was caught.
----------------------------------------------------------------
10/19/2015 21:17:28
Type : System.Exception, mscorlib, Version=4.0.0.0, Culture=neutral, PublicKeyToken=b77a5c561934e089
Message : 发送到 net.tcp://127.0.0.1:8888/RouterService 的请求操作在配置的超时(00:01:00)内未收到回复。分配给此操作的时间可能已经是更长超时的一部分。这可能由于服务仍在处理操作或服务无法发送回复消息。请考虑增加操作超时(将通道/代理转换为 IContextChannel 并设置 OperationTimeout 属性)并确保服务能够连接到客户端。
Source : EFWCoreLib
Help link : 
Data : System.Collections.ListDictionaryInternal
TargetSite : Void CreateConnection(EFWCoreLib.WcfFrame.WcfService.Contract.IClientService)
HResult : -2146233088
Stack Trace :    在 EFWCoreLib.WcfFrame.ClientController.WcfClientManage.CreateConnection(IClientService client) 位置 d:\工作台\efwplus_taobao\KKKProject\efwplus_wcfframe\EFWCoreLib\WcfFrame\ClientController\WcfClientManage.cs:行号 68
   在 EFWCoreLib.CoreFrame.Init.AppGlobal.AppGlobal_Init(Object sender, EventArgs e) 位置 d:\工作台\efwplus_taobao\KKKProject\efwplus_wcfframe\EFWCoreLib\CoreFrame\Init\AppGlobal.cs:行号 240

Additional Info:

MachineName : HY-PC
TimeStamp : 2015-10-19 13:17:29
FullName : Microsoft.Practices.EnterpriseLibrary.ExceptionHandling, Version=5.0.414.0, Culture=neutral, PublicKeyToken=31bf3856ad364e35
AppDomainName : EFWWin.exe
ThreadIdentity : 
WindowsIdentity : HY-PC\Administrator


Category: FileLog

Priority: 0

EventId: 100

Severity: Error

Title:Enterprise Library Exception Handling

Machine: HY-PC

App Domain: EFWWin.exe

ProcessId: 6112

Process Name: D:\工作台\efwplus_taobao\KKKProject\efwplus_wcfframe\Output\EFWWin.exe

Thread Name: 

Win32 ThreadId:8056

Extended Properties: 
----------------------------------------
----------------------------------------
Timestamp: 2015-10-19 13:19:11

Message: HandlingInstanceID: b815b0f7-5a9c-4008-ae66-51d88da1e55f
An exception of type 'System.Exception' occurred and was caught.
----------------------------------------------------------------
10/19/2015 21:19:11
Type : System.Exception, mscorlib, Version=4.0.0.0, Culture=neutral, PublicKeyToken=b77a5c561934e089
Message : 发送到 net.tcp://127.0.0.1:8888/RouterService 的请求操作在配置的超时(00:00:59.9989999)内未收到回复。分配给此操作的时间可能已经是更长超时的一部分。这可能由于服务仍在处理操作或服务无法发送回复消息。请考虑增加操作超时(将通道/代理转换为 IContextChannel 并设置 OperationTimeout 属性)并确保服务能够连接到客户端。
Source : EFWCoreLib
Help link : 
Data : System.Collections.ListDictionaryInternal
TargetSite : Void CreateConnection(EFWCoreLib.WcfFrame.WcfService.Contract.IClientService)
HResult : -2146233088
Stack Trace :    在 EFWCoreLib.WcfFrame.ClientController.WcfClientManage.CreateConnection(IClientService client) 位置 d:\工作台\efwplus_taobao\KKKProject\efwplus_wcfframe\EFWCoreLib\WcfFrame\ClientController\WcfClientManage.cs:行号 68
   在 EFWCoreLib.CoreFrame.Init.AppGlobal.AppGlobal_Init(Object sender, EventArgs e) 位置 d:\工作台\efwplus_taobao\KKKProject\efwplus_wcfframe\EFWCoreLib\CoreFrame\Init\AppGlobal.cs:行号 240

Additional Info:

MachineName : HY-PC
TimeStamp : 2015-10-19 13:19:11
FullName : Microsoft.Practices.EnterpriseLibrary.ExceptionHandling, Version=5.0.414.0, Culture=neutral, PublicKeyToken=31bf3856ad364e35
AppDomainName : EFWWin.exe
ThreadIdentity : 
WindowsIdentity : HY-PC\Administrator


Category: FileLog

Priority: 0

EventId: 100

Severity: Error

Title:Enterprise Library Exception Handling

Machine: HY-PC

App Domain: EFWWin.exe

ProcessId: 5048

Process Name: D:\工作台\efwplus_taobao\KKKProject\efwplus_wcfframe\Output\EFWWin.exe

Thread Name: 

Win32 ThreadId:1960

Extended Properties: 
----------------------------------------
----------------------------------------
Timestamp: 2015-10-19 13:25:26

Message: HandlingInstanceID: 354fec2b-d255-4af1-a7ad-5f11659ed954
An exception of type 'System.Reflection.TargetInvocationException' occurred and was caught.
-------------------------------------------------------------------------------------------
10/19/2015 21:25:26
Type : System.Reflection.TargetInvocationException, mscorlib, Version=4.0.0.0, Culture=neutral, PublicKeyToken=b77a5c561934e089
Message : 调用的目标发生了异常。
Source : mscorlib
Help link : 
Data : System.Collections.ListDictionaryInternal
TargetSite : System.Object InvokeMethod(System.Object, System.Object[], System.Signature, Boolean)
HResult : -2146232828
Stack Trace :    在 System.RuntimeMethodHandle.InvokeMethod(Object target, Object[] arguments, Signature sig, Boolean constructor)
   在 System.Reflection.RuntimeMethodInfo.UnsafeInvokeInternal(Object obj, Object[] parameters, Object[] arguments)
   在 System.Reflection.RuntimeMethodInfo.Invoke(Object obj, BindingFlags invokeAttr, Binder binder, Object[] parameters, CultureInfo culture)
   在 System.Reflection.MethodBase.Invoke(Object obj, Object[] parameters)
   在 EFWCoreLib.WcfFrame.ClientController.WcfClientController.UI_ControllerEvent(String eventname, Object[] objs) 位置 d:\工作台\efwplus_taobao\KKKProject\efwplus_wcfframe\EFWCoreLib\WcfFrame\ClientController\WcfClientController.cs:行号 136

Additional Info:

MachineName : HY-PC
TimeStamp : 2015-10-19 13:25:26
FullName : Microsoft.Practices.EnterpriseLibrary.ExceptionHandling, Version=5.0.414.0, Culture=neutral, PublicKeyToken=31bf3856ad364e35
AppDomainName : EFWWin.exe
ThreadIdentity : 
WindowsIdentity : HY-PC\Administrator
	Inner Exception
	---------------
	Type : System.ServiceModel.CommunicationObjectFaultedException, System.ServiceModel, Version=4.0.0.0, Culture=neutral, PublicKeyToken=b77a5c561934e089
	Message : 通信对象 System.ServiceModel.Channels.ServiceChannel 无法用于通信，因为其处于“出错”状态。
	Source : mscorlib
	Help link : 
	Data : System.Collections.ListDictionaryInternal
	TargetSite : Void HandleReturnMessage(System.Runtime.Remoting.Messaging.IMessage, System.Runtime.Remoting.Messaging.IMessage)
	HResult : -2146233087
	Stack Trace : 
	Server stack trace: 
	   在 System.ServiceModel.Channels.CommunicationObject.ThrowIfDisposedOrNotOpen()
	   在 System.ServiceModel.Channels.ServiceChannel.Call(String action, Boolean oneway, ProxyOperationRuntime operation, Object[] ins, Object[] outs, TimeSpan timeout)
	   在 System.ServiceModel.Channels.ServiceChannelProxy.InvokeService(IMethodCallMessage methodCall, ProxyOperationRuntime operation)
	   在 System.ServiceModel.Channels.ServiceChannelProxy.Invoke(IMessage message)
	
	Exception rethrown at [0]: 
	   在 System.Runtime.Remoting.Proxies.RealProxy.HandleReturnMessage(IMessage reqMsg, IMessage retMsg)
	   在 System.Runtime.Remoting.Proxies.RealProxy.PrivateInvoke(MessageData& msgData, Int32 type)
	   在 EFWCoreLib.WcfFrame.WcfService.Contract.IWCFHandlerService.ProcessRequest(String mProxyID, String controller, String method, String jsondata)
	   在 EFWCoreLib.WcfFrame.ClientController.WcfClientManage.Request(String controller, String method, String jsondata) 位置 d:\工作台\efwplus_taobao\KKKProject\efwplus_wcfframe\EFWCoreLib\WcfFrame\ClientController\WcfClientManage.cs:行号 143
	   在 EFWCoreLib.WcfFrame.ClientController.WcfClientController.InvokeWCFService(String controller, String method, String jsondata) 位置 d:\工作台\efwplus_taobao\KKKProject\efwplus_wcfframe\EFWCoreLib\WcfFrame\ClientController\WcfClientController.cs:行号 199
	   在 WinMainUIFrame.Winform.Controller.wcfclientLoginController.UserLogin() 位置 d:\工作台\efwplus_taobao\KKKProject\efwplus_wcfframe\WinMainUIFrame\WinMainUIFrame.Winform\Controller\wcfclientLoginController.cs:行号 138



Category: FileLog

Priority: 0

EventId: 100

Severity: Error

Title:Enterprise Library Exception Handling

Machine: HY-PC

App Domain: EFWWin.exe

ProcessId: 5800

Process Name: D:\工作台\efwplus_taobao\KKKProject\efwplus_wcfframe\Output\EFWWin.exe

Thread Name: 

Win32 ThreadId:8156

Extended Properties: 
----------------------------------------
----------------------------------------
Timestamp: 2015-10-19 13:25:28

Message: HandlingInstanceID: 78508c36-13fd-4fe3-8148-0693ad559b2b
An exception of type 'System.Reflection.TargetInvocationException' occurred and was caught.
-------------------------------------------------------------------------------------------
10/19/2015 21:25:28
Type : System.Reflection.TargetInvocationException, mscorlib, Version=4.0.0.0, Culture=neutral, PublicKeyToken=b77a5c561934e089
Message : 调用的目标发生了异常。
Source : mscorlib
Help link : 
Data : System.Collections.ListDictionaryInternal
TargetSite : System.Object InvokeMethod(System.Object, System.Object[], System.Signature, Boolean)
HResult : -2146232828
Stack Trace :    在 System.RuntimeMethodHandle.InvokeMethod(Object target, Object[] arguments, Signature sig, Boolean constructor)
   在 System.Reflection.RuntimeMethodInfo.UnsafeInvokeInternal(Object obj, Object[] parameters, Object[] arguments)
   在 System.Reflection.RuntimeMethodInfo.Invoke(Object obj, BindingFlags invokeAttr, Binder binder, Object[] parameters, CultureInfo culture)
   在 System.Reflection.MethodBase.Invoke(Object obj, Object[] parameters)
   在 EFWCoreLib.WcfFrame.ClientController.WcfClientController.UI_ControllerEvent(String eventname, Object[] objs) 位置 d:\工作台\efwplus_taobao\KKKProject\efwplus_wcfframe\EFWCoreLib\WcfFrame\ClientController\WcfClientController.cs:行号 136

Additional Info:

MachineName : HY-PC
TimeStamp : 2015-10-19 13:25:28
FullName : Microsoft.Practices.EnterpriseLibrary.ExceptionHandling, Version=5.0.414.0, Culture=neutral, PublicKeyToken=31bf3856ad364e35
AppDomainName : EFWWin.exe
ThreadIdentity : 
WindowsIdentity : HY-PC\Administrator
	Inner Exception
	---------------
	Type : System.ServiceModel.CommunicationObjectFaultedException, System.ServiceModel, Version=4.0.0.0, Culture=neutral, PublicKeyToken=b77a5c561934e089
	Message : 通信对象 System.ServiceModel.Channels.ServiceChannel 无法用于通信，因为其处于“出错”状态。
	Source : mscorlib
	Help link : 
	Data : System.Collections.ListDictionaryInternal
	TargetSite : Void HandleReturnMessage(System.Runtime.Remoting.Messaging.IMessage, System.Runtime.Remoting.Messaging.IMessage)
	HResult : -2146233087
	Stack Trace : 
	Server stack trace: 
	   在 System.ServiceModel.Channels.CommunicationObject.ThrowIfDisposedOrNotOpen()
	   在 System.ServiceModel.Channels.ServiceChannel.Call(String action, Boolean oneway, ProxyOperationRuntime operation, Object[] ins, Object[] outs, TimeSpan timeout)
	   在 System.ServiceModel.Channels.ServiceChannelProxy.InvokeService(IMethodCallMessage methodCall, ProxyOperationRuntime operation)
	   在 System.ServiceModel.Channels.ServiceChannelProxy.Invoke(IMessage message)
	
	Exception rethrown at [0]: 
	   在 System.Runtime.Remoting.Proxies.RealProxy.HandleReturnMessage(IMessage reqMsg, IMessage retMsg)
	   在 System.Runtime.Remoting.Proxies.RealProxy.PrivateInvoke(MessageData& msgData, Int32 type)
	   在 EFWCoreLib.WcfFrame.WcfService.Contract.IWCFHandlerService.ProcessRequest(String mProxyID, String controller, String method, String jsondata)
	   在 EFWCoreLib.WcfFrame.ClientController.WcfClientManage.Request(String controller, String method, String jsondata) 位置 d:\工作台\efwplus_taobao\KKKProject\efwplus_wcfframe\EFWCoreLib\WcfFrame\ClientController\WcfClientManage.cs:行号 143
	   在 EFWCoreLib.WcfFrame.ClientController.WcfClientController.InvokeWCFService(String controller, String method, String jsondata) 位置 d:\工作台\efwplus_taobao\KKKProject\efwplus_wcfframe\EFWCoreLib\WcfFrame\ClientController\WcfClientController.cs:行号 199
	   在 WinMainUIFrame.Winform.Controller.wcfclientLoginController.UserLogin() 位置 d:\工作台\efwplus_taobao\KKKProject\efwplus_wcfframe\WinMainUIFrame\WinMainUIFrame.Winform\Controller\wcfclientLoginController.cs:行号 138



Category: FileLog

Priority: 0

EventId: 100

Severity: Error

Title:Enterprise Library Exception Handling

Machine: HY-PC

App Domain: EFWWin.exe

ProcessId: 5800

Process Name: D:\工作台\efwplus_taobao\KKKProject\efwplus_wcfframe\Output\EFWWin.exe

Thread Name: 

Win32 ThreadId:8156

Extended Properties: 
----------------------------------------
----------------------------------------
Timestamp: 2016-04-21 09:25:36

Message: HandlingInstanceID: c88dd66d-78f0-4755-9c4e-136c69be895f
An exception of type 'System.Reflection.TargetInvocationException' occurred and was caught.
-------------------------------------------------------------------------------------------
04/21/2016 17:25:36
Type : System.Reflection.TargetInvocationException, mscorlib, Version=4.0.0.0, Culture=neutral, PublicKeyToken=b77a5c561934e089
Message : 调用的目标发生了异常。
Source : mscorlib
Help link : 
Data : System.Collections.ListDictionaryInternal
TargetSite : System.Object InvokeMethod(System.Object, System.Object[], System.Signature, Boolean)
HResult : -2146232828
Stack Trace :    在 System.RuntimeMethodHandle.InvokeMethod(Object target, Object[] arguments, Signature sig, Boolean constructor)
   在 System.Reflection.RuntimeMethodInfo.UnsafeInvokeInternal(Object obj, Object[] parameters, Object[] arguments)
   在 System.Reflection.RuntimeMethodInfo.Invoke(Object obj, BindingFlags invokeAttr, Binder binder, Object[] parameters, CultureInfo culture)
   在 System.Reflection.MethodBase.Invoke(Object obj, Object[] parameters)
   在 EFWCoreLib.WcfFrame.ServerController.WcfServerManage.ProcessRequest(String clientId, String controller, String method, String jsondata) 位置 d:\工作台\efwplus_wcfframe\EFWCoreLib\WcfFrame\ServerController\WcfServerManage.cs:行号 84

Additional Info:

MachineName : UALG394S3SBEXSU
TimeStamp : 2016-04-21 09:25:36
FullName : Microsoft.Practices.EnterpriseLibrary.ExceptionHandling, Version=5.0.414.0, Culture=neutral, PublicKeyToken=31bf3856ad364e35
AppDomainName : WCF服务主机.vshost.exe
ThreadIdentity : 
WindowsIdentity : UALG394S3SBEXSU\Administrator
	Inner Exception
	---------------
	Type : System.Exception, mscorlib, Version=4.0.0.0, Culture=neutral, PublicKeyToken=b77a5c561934e089
	Message : 输入的用户名密码不正确！
	Source : WinMainUIFrame
	Help link : 
	Data : System.Collections.ListDictionaryInternal
	TargetSite : System.String UserLogin()
	HResult : -2146233088
	Stack Trace :    在 WinMainUIFrame.WcfController.LoginController.UserLogin()



Category: FileLog

Priority: 0

EventId: 100

Severity: Error

Title:Enterprise Library Exception Handling

Machine: UALG394S3SBEXSU

App Domain: WCF服务主机.vshost.exe

ProcessId: 11176

Process Name: D:\工作台\efwplus_wcfframe\Output\WCF服务主机.vshost.exe

Thread Name: 

Win32 ThreadId:3596

Extended Properties: 
----------------------------------------
----------------------------------------
Timestamp: 2016-04-21 09:25:52

Message: HandlingInstanceID: 48df11fd-6ee3-459f-96fe-824cebbed98d
An exception of type 'System.Reflection.TargetInvocationException' occurred and was caught.
-------------------------------------------------------------------------------------------
04/21/2016 17:25:52
Type : System.Reflection.TargetInvocationException, mscorlib, Version=4.0.0.0, Culture=neutral, PublicKeyToken=b77a5c561934e089
Message : 调用的目标发生了异常。
Source : mscorlib
Help link : 
Data : System.Collections.ListDictionaryInternal
TargetSite : System.Object InvokeMethod(System.Object, System.Object[], System.Signature, Boolean)
HResult : -2146232828
Stack Trace :    在 System.RuntimeMethodHandle.InvokeMethod(Object target, Object[] arguments, Signature sig, Boolean constructor)
   在 System.Reflection.RuntimeMethodInfo.UnsafeInvokeInternal(Object obj, Object[] parameters, Object[] arguments)
   在 System.Reflection.RuntimeMethodInfo.Invoke(Object obj, BindingFlags invokeAttr, Binder binder, Object[] parameters, CultureInfo culture)
   在 System.Reflection.MethodBase.Invoke(Object obj, Object[] parameters)
   在 EFWCoreLib.WcfFrame.ServerController.WcfServerManage.ProcessRequest(String clientId, String controller, String method, String jsondata) 位置 d:\工作台\efwplus_wcfframe\EFWCoreLib\WcfFrame\ServerController\WcfServerManage.cs:行号 84

Additional Info:

MachineName : UALG394S3SBEXSU
TimeStamp : 2016-04-21 09:25:52
FullName : Microsoft.Practices.EnterpriseLibrary.ExceptionHandling, Version=5.0.414.0, Culture=neutral, PublicKeyToken=31bf3856ad364e35
AppDomainName : WCF服务主机.vshost.exe
ThreadIdentity : 
WindowsIdentity : UALG394S3SBEXSU\Administrator
	Inner Exception
	---------------
	Type : System.Exception, mscorlib, Version=4.0.0.0, Culture=neutral, PublicKeyToken=b77a5c561934e089
	Message : 输入的用户名密码不正确！
	Source : WinMainUIFrame
	Help link : 
	Data : System.Collections.ListDictionaryInternal
	TargetSite : System.String UserLogin()
	HResult : -2146233088
	Stack Trace :    在 WinMainUIFrame.WcfController.LoginController.UserLogin()



Category: FileLog

Priority: 0

EventId: 100

Severity: Error

Title:Enterprise Library Exception Handling

Machine: UALG394S3SBEXSU

App Domain: WCF服务主机.vshost.exe

ProcessId: 11176

Process Name: D:\工作台\efwplus_wcfframe\Output\WCF服务主机.vshost.exe

Thread Name: 

Win32 ThreadId:2772

Extended Properties: 
----------------------------------------
----------------------------------------
Timestamp: 2016-04-21 09:28:28

Message: HandlingInstanceID: 1fe2c687-6115-47b5-8150-60a0a4ee651f
An exception of type 'System.Reflection.TargetInvocationException' occurred and was caught.
-------------------------------------------------------------------------------------------
04/21/2016 17:28:28
Type : System.Reflection.TargetInvocationException, mscorlib, Version=4.0.0.0, Culture=neutral, PublicKeyToken=b77a5c561934e089
Message : 调用的目标发生了异常。
Source : mscorlib
Help link : 
Data : System.Collections.ListDictionaryInternal
TargetSite : System.Object InvokeMethod(System.Object, System.Object[], System.Signature, Boolean)
HResult : -2146232828
Stack Trace :    在 System.RuntimeMethodHandle.InvokeMethod(Object target, Object[] arguments, Signature sig, Boolean constructor)
   在 System.Reflection.RuntimeMethodInfo.UnsafeInvokeInternal(Object obj, Object[] parameters, Object[] arguments)
   在 System.Reflection.RuntimeMethodInfo.Invoke(Object obj, BindingFlags invokeAttr, Binder binder, Object[] parameters, CultureInfo culture)
   在 System.Reflection.MethodBase.Invoke(Object obj, Object[] parameters)
   在 EFWCoreLib.WcfFrame.ServerController.WcfServerManage.ProcessRequest(String clientId, String controller, String method, String jsondata) 位置 d:\工作台\efwplus_wcfframe\EFWCoreLib\WcfFrame\ServerController\WcfServerManage.cs:行号 84

Additional Info:

MachineName : UALG394S3SBEXSU
TimeStamp : 2016-04-21 09:28:28
FullName : Microsoft.Practices.EnterpriseLibrary.ExceptionHandling, Version=5.0.414.0, Culture=neutral, PublicKeyToken=31bf3856ad364e35
AppDomainName : WCF服务主机.vshost.exe
ThreadIdentity : 
WindowsIdentity : UALG394S3SBEXSU\Administrator
	Inner Exception
	---------------
	Type : System.Exception, mscorlib, Version=4.0.0.0, Culture=neutral, PublicKeyToken=b77a5c561934e089
	Message : 输入的用户名密码不正确！
	Source : WinMainUIFrame
	Help link : 
	Data : System.Collections.ListDictionaryInternal
	TargetSite : System.String UserLogin()
	HResult : -2146233088
	Stack Trace :    在 WinMainUIFrame.WcfController.LoginController.UserLogin()



Category: FileLog

Priority: 0

EventId: 100

Severity: Error

Title:Enterprise Library Exception Handling

Machine: UALG394S3SBEXSU

App Domain: WCF服务主机.vshost.exe

ProcessId: 11176

Process Name: D:\工作台\efwplus_wcfframe\Output\WCF服务主机.vshost.exe

Thread Name: 

Win32 ThreadId:7148

Extended Properties: 
----------------------------------------
----------------------------------------
Timestamp: 2016-04-21 09:28:35

Message: HandlingInstanceID: 015bb477-275e-4fbd-8187-154a7ce5a0e2
An exception of type 'System.Reflection.TargetInvocationException' occurred and was caught.
-------------------------------------------------------------------------------------------
04/21/2016 17:28:35
Type : System.Reflection.TargetInvocationException, mscorlib, Version=4.0.0.0, Culture=neutral, PublicKeyToken=b77a5c561934e089
Message : 调用的目标发生了异常。
Source : mscorlib
Help link : 
Data : System.Collections.ListDictionaryInternal
TargetSite : System.Object InvokeMethod(System.Object, System.Object[], System.Signature, Boolean)
HResult : -2146232828
Stack Trace :    在 System.RuntimeMethodHandle.InvokeMethod(Object target, Object[] arguments, Signature sig, Boolean constructor)
   在 System.Reflection.RuntimeMethodInfo.UnsafeInvokeInternal(Object obj, Object[] parameters, Object[] arguments)
   在 System.Reflection.RuntimeMethodInfo.Invoke(Object obj, BindingFlags invokeAttr, Binder binder, Object[] parameters, CultureInfo culture)
   在 System.Reflection.MethodBase.Invoke(Object obj, Object[] parameters)
   在 EFWCoreLib.WcfFrame.ServerController.WcfServerManage.ProcessRequest(String clientId, String controller, String method, String jsondata) 位置 d:\工作台\efwplus_wcfframe\EFWCoreLib\WcfFrame\ServerController\WcfServerManage.cs:行号 84

Additional Info:

MachineName : UALG394S3SBEXSU
TimeStamp : 2016-04-21 09:28:35
FullName : Microsoft.Practices.EnterpriseLibrary.ExceptionHandling, Version=5.0.414.0, Culture=neutral, PublicKeyToken=31bf3856ad364e35
AppDomainName : WCF服务主机.vshost.exe
ThreadIdentity : 
WindowsIdentity : UALG394S3SBEXSU\Administrator
	Inner Exception
	---------------
	Type : System.Exception, mscorlib, Version=4.0.0.0, Culture=neutral, PublicKeyToken=b77a5c561934e089
	Message : 输入的用户名密码不正确！
	Source : WinMainUIFrame
	Help link : 
	Data : System.Collections.ListDictionaryInternal
	TargetSite : System.String UserLogin()
	HResult : -2146233088
	Stack Trace :    在 WinMainUIFrame.WcfController.LoginController.UserLogin()



Category: FileLog

Priority: 0

EventId: 100

Severity: Error

Title:Enterprise Library Exception Handling

Machine: UALG394S3SBEXSU

App Domain: WCF服务主机.vshost.exe

ProcessId: 11176

Process Name: D:\工作台\efwplus_wcfframe\Output\WCF服务主机.vshost.exe

Thread Name: 

Win32 ThreadId:7148

Extended Properties: 
----------------------------------------
----------------------------------------
Timestamp: 2016-04-21 09:30:04

Message: HandlingInstanceID: cb1f997c-75d7-4cb3-bd11-85b419bdf416
An exception of type 'System.Reflection.TargetInvocationException' occurred and was caught.
-------------------------------------------------------------------------------------------
04/21/2016 17:30:04
Type : System.Reflection.TargetInvocationException, mscorlib, Version=4.0.0.0, Culture=neutral, PublicKeyToken=b77a5c561934e089
Message : 调用的目标发生了异常。
Source : mscorlib
Help link : 
Data : System.Collections.ListDictionaryInternal
TargetSite : System.Object InvokeMethod(System.Object, System.Object[], System.Signature, Boolean)
HResult : -2146232828
Stack Trace :    在 System.RuntimeMethodHandle.InvokeMethod(Object target, Object[] arguments, Signature sig, Boolean constructor)
   在 System.Reflection.RuntimeMethodInfo.UnsafeInvokeInternal(Object obj, Object[] parameters, Object[] arguments)
   在 System.Reflection.RuntimeMethodInfo.Invoke(Object obj, BindingFlags invokeAttr, Binder binder, Object[] parameters, CultureInfo culture)
   在 System.Reflection.MethodBase.Invoke(Object obj, Object[] parameters)
   在 EFWCoreLib.WcfFrame.ServerController.WcfServerManage.ProcessRequest(String clientId, String controller, String method, String jsondata) 位置 d:\工作台\efwplus_wcfframe\EFWCoreLib\WcfFrame\ServerController\WcfServerManage.cs:行号 84

Additional Info:

MachineName : UALG394S3SBEXSU
TimeStamp : 2016-04-21 09:30:04
FullName : Microsoft.Practices.EnterpriseLibrary.ExceptionHandling, Version=5.0.414.0, Culture=neutral, PublicKeyToken=31bf3856ad364e35
AppDomainName : WCF服务主机.vshost.exe
ThreadIdentity : 
WindowsIdentity : UALG394S3SBEXSU\Administrator
	Inner Exception
	---------------
	Type : System.Exception, mscorlib, Version=4.0.0.0, Culture=neutral, PublicKeyToken=b77a5c561934e089
	Message : 输入的用户名密码不正确！
	Source : WinMainUIFrame
	Help link : 
	Data : System.Collections.ListDictionaryInternal
	TargetSite : System.String UserLogin()
	HResult : -2146233088
	Stack Trace :    在 WinMainUIFrame.WcfController.LoginController.UserLogin()



Category: FileLog

Priority: 0

EventId: 100

Severity: Error

Title:Enterprise Library Exception Handling

Machine: UALG394S3SBEXSU

App Domain: WCF服务主机.vshost.exe

ProcessId: 11176

Process Name: D:\工作台\efwplus_wcfframe\Output\WCF服务主机.vshost.exe

Thread Name: 

Win32 ThreadId:10272

Extended Properties: 
----------------------------------------
----------------------------------------
Timestamp: 2016-04-21 09:32:09

Message: HandlingInstanceID: a94975e2-a7fa-4cff-aefc-6c663c01d715
An exception of type 'System.Reflection.TargetInvocationException' occurred and was caught.
-------------------------------------------------------------------------------------------
04/21/2016 17:32:09
Type : System.Reflection.TargetInvocationException, mscorlib, Version=4.0.0.0, Culture=neutral, PublicKeyToken=b77a5c561934e089
Message : 调用的目标发生了异常。
Source : mscorlib
Help link : 
Data : System.Collections.ListDictionaryInternal
TargetSite : System.Object InvokeMethod(System.Object, System.Object[], System.Signature, Boolean)
HResult : -2146232828
Stack Trace :    在 System.RuntimeMethodHandle.InvokeMethod(Object target, Object[] arguments, Signature sig, Boolean constructor)
   在 System.Reflection.RuntimeMethodInfo.UnsafeInvokeInternal(Object obj, Object[] parameters, Object[] arguments)
   在 System.Reflection.RuntimeMethodInfo.Invoke(Object obj, BindingFlags invokeAttr, Binder binder, Object[] parameters, CultureInfo culture)
   在 System.Reflection.MethodBase.Invoke(Object obj, Object[] parameters)
   在 EFWCoreLib.WcfFrame.ServerController.WcfServerManage.ProcessRequest(String clientId, String controller, String method, String jsondata) 位置 d:\工作台\efwplus_wcfframe\EFWCoreLib\WcfFrame\ServerController\WcfServerManage.cs:行号 84

Additional Info:

MachineName : UALG394S3SBEXSU
TimeStamp : 2016-04-21 09:32:09
FullName : Microsoft.Practices.EnterpriseLibrary.ExceptionHandling, Version=5.0.414.0, Culture=neutral, PublicKeyToken=31bf3856ad364e35
AppDomainName : WCF服务主机.vshost.exe
ThreadIdentity : 
WindowsIdentity : UALG394S3SBEXSU\Administrator
	Inner Exception
	---------------
	Type : System.Exception, mscorlib, Version=4.0.0.0, Culture=neutral, PublicKeyToken=b77a5c561934e089
	Message : 输入的用户名密码不正确！
	Source : WinMainUIFrame
	Help link : 
	Data : System.Collections.ListDictionaryInternal
	TargetSite : System.String UserLogin()
	HResult : -2146233088
	Stack Trace :    在 WinMainUIFrame.WcfController.LoginController.UserLogin()



Category: FileLog

Priority: 0

EventId: 100

Severity: Error

Title:Enterprise Library Exception Handling

Machine: UALG394S3SBEXSU

App Domain: WCF服务主机.vshost.exe

ProcessId: 11176

Process Name: D:\工作台\efwplus_wcfframe\Output\WCF服务主机.vshost.exe

Thread Name: 

Win32 ThreadId:8092

Extended Properties: 
----------------------------------------
----------------------------------------
Timestamp: 2016-04-21 09:34:30

Message: HandlingInstanceID: a588aaed-a47a-4cc3-9dad-36d406ae0558
An exception of type 'System.Reflection.TargetInvocationException' occurred and was caught.
-------------------------------------------------------------------------------------------
04/21/2016 17:34:30
Type : System.Reflection.TargetInvocationException, mscorlib, Version=4.0.0.0, Culture=neutral, PublicKeyToken=b77a5c561934e089
Message : 调用的目标发生了异常。
Source : mscorlib
Help link : 
Data : System.Collections.ListDictionaryInternal
TargetSite : System.Object InvokeMethod(System.Object, System.Object[], System.Signature, Boolean)
HResult : -2146232828
Stack Trace :    在 System.RuntimeMethodHandle.InvokeMethod(Object target, Object[] arguments, Signature sig, Boolean constructor)
   在 System.Reflection.RuntimeMethodInfo.UnsafeInvokeInternal(Object obj, Object[] parameters, Object[] arguments)
   在 System.Reflection.RuntimeMethodInfo.Invoke(Object obj, BindingFlags invokeAttr, Binder binder, Object[] parameters, CultureInfo culture)
   在 System.Reflection.MethodBase.Invoke(Object obj, Object[] parameters)
   在 EFWCoreLib.WcfFrame.ServerController.WcfServerManage.ProcessRequest(String clientId, String controller, String method, String jsondata) 位置 d:\工作台\efwplus_wcfframe\EFWCoreLib\WcfFrame\ServerController\WcfServerManage.cs:行号 84

Additional Info:

MachineName : UALG394S3SBEXSU
TimeStamp : 2016-04-21 09:34:30
FullName : Microsoft.Practices.EnterpriseLibrary.ExceptionHandling, Version=5.0.414.0, Culture=neutral, PublicKeyToken=31bf3856ad364e35
AppDomainName : WCF服务主机.vshost.exe
ThreadIdentity : 
WindowsIdentity : UALG394S3SBEXSU\Administrator
	Inner Exception
	---------------
	Type : System.Exception, mscorlib, Version=4.0.0.0, Culture=neutral, PublicKeyToken=b77a5c561934e089
	Message : 输入的用户名密码不正确！
	Source : WinMainUIFrame
	Help link : 
	Data : System.Collections.ListDictionaryInternal
	TargetSite : System.String UserLogin()
	HResult : -2146233088
	Stack Trace :    在 WinMainUIFrame.WcfController.LoginController.UserLogin()



Category: FileLog

Priority: 0

EventId: 100

Severity: Error

Title:Enterprise Library Exception Handling

Machine: UALG394S3SBEXSU

App Domain: WCF服务主机.vshost.exe

ProcessId: 7752

Process Name: D:\工作台\efwplus_wcfframe\Output\WCF服务主机.vshost.exe

Thread Name: 

Win32 ThreadId:11052

Extended Properties: 
----------------------------------------
----------------------------------------
Timestamp: 2016-04-21 09:35:15

Message: HandlingInstanceID: 57cffa5b-b2dd-4ef5-9094-5684474d80a0
An exception of type 'System.Reflection.TargetInvocationException' occurred and was caught.
-------------------------------------------------------------------------------------------
04/21/2016 17:35:15
Type : System.Reflection.TargetInvocationException, mscorlib, Version=4.0.0.0, Culture=neutral, PublicKeyToken=b77a5c561934e089
Message : 调用的目标发生了异常。
Source : mscorlib
Help link : 
Data : System.Collections.ListDictionaryInternal
TargetSite : System.Object InvokeMethod(System.Object, System.Object[], System.Signature, Boolean)
HResult : -2146232828
Stack Trace :    在 System.RuntimeMethodHandle.InvokeMethod(Object target, Object[] arguments, Signature sig, Boolean constructor)
   在 System.Reflection.RuntimeMethodInfo.UnsafeInvokeInternal(Object obj, Object[] parameters, Object[] arguments)
   在 System.Reflection.RuntimeMethodInfo.Invoke(Object obj, BindingFlags invokeAttr, Binder binder, Object[] parameters, CultureInfo culture)
   在 System.Reflection.MethodBase.Invoke(Object obj, Object[] parameters)
   在 EFWCoreLib.WcfFrame.ServerController.WcfServerManage.ProcessRequest(String clientId, String controller, String method, String jsondata) 位置 d:\工作台\efwplus_wcfframe\EFWCoreLib\WcfFrame\ServerController\WcfServerManage.cs:行号 84

Additional Info:

MachineName : UALG394S3SBEXSU
TimeStamp : 2016-04-21 09:35:15
FullName : Microsoft.Practices.EnterpriseLibrary.ExceptionHandling, Version=5.0.414.0, Culture=neutral, PublicKeyToken=31bf3856ad364e35
AppDomainName : WCF服务主机.vshost.exe
ThreadIdentity : 
WindowsIdentity : UALG394S3SBEXSU\Administrator
	Inner Exception
	---------------
	Type : System.Exception, mscorlib, Version=4.0.0.0, Culture=neutral, PublicKeyToken=b77a5c561934e089
	Message : 输入的用户名密码不正确！
	Source : WinMainUIFrame
	Help link : 
	Data : System.Collections.ListDictionaryInternal
	TargetSite : System.String UserLogin()
	HResult : -2146233088
	Stack Trace :    在 WinMainUIFrame.WcfController.LoginController.UserLogin()



Category: FileLog

Priority: 0

EventId: 100

Severity: Error

Title:Enterprise Library Exception Handling

Machine: UALG394S3SBEXSU

App Domain: WCF服务主机.vshost.exe

ProcessId: 7752

Process Name: D:\工作台\efwplus_wcfframe\Output\WCF服务主机.vshost.exe

Thread Name: 

Win32 ThreadId:10772

Extended Properties: 
----------------------------------------
----------------------------------------
Timestamp: 2016-04-21 09:35:23

Message: HandlingInstanceID: 42411a42-4fc6-44cb-b0c8-46b4490b95ac
An exception of type 'System.Reflection.TargetInvocationException' occurred and was caught.
-------------------------------------------------------------------------------------------
04/21/2016 17:35:23
Type : System.Reflection.TargetInvocationException, mscorlib, Version=4.0.0.0, Culture=neutral, PublicKeyToken=b77a5c561934e089
Message : 调用的目标发生了异常。
Source : mscorlib
Help link : 
Data : System.Collections.ListDictionaryInternal
TargetSite : System.Object InvokeMethod(System.Object, System.Object[], System.Signature, Boolean)
HResult : -2146232828
Stack Trace :    在 System.RuntimeMethodHandle.InvokeMethod(Object target, Object[] arguments, Signature sig, Boolean constructor)
   在 System.Reflection.RuntimeMethodInfo.UnsafeInvokeInternal(Object obj, Object[] parameters, Object[] arguments)
   在 System.Reflection.RuntimeMethodInfo.Invoke(Object obj, BindingFlags invokeAttr, Binder binder, Object[] parameters, CultureInfo culture)
   在 System.Reflection.MethodBase.Invoke(Object obj, Object[] parameters)
   在 EFWCoreLib.WcfFrame.ServerController.WcfServerManage.ProcessRequest(String clientId, String controller, String method, String jsondata) 位置 d:\工作台\efwplus_wcfframe\EFWCoreLib\WcfFrame\ServerController\WcfServerManage.cs:行号 84

Additional Info:

MachineName : UALG394S3SBEXSU
TimeStamp : 2016-04-21 09:35:23
FullName : Microsoft.Practices.EnterpriseLibrary.ExceptionHandling, Version=5.0.414.0, Culture=neutral, PublicKeyToken=31bf3856ad364e35
AppDomainName : WCF服务主机.vshost.exe
ThreadIdentity : 
WindowsIdentity : UALG394S3SBEXSU\Administrator
	Inner Exception
	---------------
	Type : System.Exception, mscorlib, Version=4.0.0.0, Culture=neutral, PublicKeyToken=b77a5c561934e089
	Message : 输入的用户名密码不正确！
	Source : WinMainUIFrame
	Help link : 
	Data : System.Collections.ListDictionaryInternal
	TargetSite : System.String UserLogin()
	HResult : -2146233088
	Stack Trace :    在 WinMainUIFrame.WcfController.LoginController.UserLogin()



Category: FileLog

Priority: 0

EventId: 100

Severity: Error

Title:Enterprise Library Exception Handling

Machine: UALG394S3SBEXSU

App Domain: WCF服务主机.vshost.exe

ProcessId: 7752

Process Name: D:\工作台\efwplus_wcfframe\Output\WCF服务主机.vshost.exe

Thread Name: 

Win32 ThreadId:10772

Extended Properties: 
----------------------------------------
----------------------------------------
Timestamp: 2016-04-21 12:24:33

Message: HandlingInstanceID: 5805b797-dacf-46d3-9ed0-f84ebeef9e51
An exception of type 'System.NullReferenceException' occurred and was caught.
-----------------------------------------------------------------------------
04/21/2016 20:24:33
Type : System.NullReferenceException, mscorlib, Version=4.0.0.0, Culture=neutral, PublicKeyToken=b77a5c561934e089
Message : 未将对象引用设置到对象的实例。
Source : EFWCoreLib
Help link : 
Data : System.Collections.ListDictionaryInternal
TargetSite : EFWCoreLib.CoreFrame.Init.AttributeManager.WcfControllerAttributeInfo GetPluginWcfControllerAttributeInfo(System.String, System.String, EFWCoreLib.CoreFrame.Plugin.ModulePlugin ByRef)
HResult : -2147467261
Stack Trace :    在 EFWCoreLib.CoreFrame.Init.AppPluginManage.GetPluginWcfControllerAttributeInfo(String pluginname, String name, ModulePlugin& mp) 位置 d:\工作台\efwplus_wcfframe\EFWCoreLib\CoreFrame\Init\AppPluginManage.cs:行号 163
   在 EFWCoreLib.WcfFrame.ServerController.ControllerHelper.CreateController(String controllername) 位置 d:\工作台\efwplus_wcfframe\EFWCoreLib\WcfFrame\ServerController\ControllerHelper.cs:行号 22
   在 EFWCoreLib.WcfFrame.ServerController.WcfServerManage.ProcessRequest(String clientId, String controller, String method, String jsondata) 位置 d:\工作台\efwplus_wcfframe\EFWCoreLib\WcfFrame\ServerController\WcfServerManage.cs:行号 78

Additional Info:

MachineName : UALG394S3SBEXSU
TimeStamp : 2016-04-21 12:24:33
FullName : Microsoft.Practices.EnterpriseLibrary.ExceptionHandling, Version=5.0.414.0, Culture=neutral, PublicKeyToken=31bf3856ad364e35
AppDomainName : WCF服务主机.vshost.exe
ThreadIdentity : 
WindowsIdentity : UALG394S3SBEXSU\Administrator


Category: FileLog

Priority: 0

EventId: 100

Severity: Error

Title:Enterprise Library Exception Handling

Machine: UALG394S3SBEXSU

App Domain: WCF服务主机.vshost.exe

ProcessId: 6580

Process Name: D:\工作台\efwplus_wcfframe\Output\WCF服务主机.vshost.exe

Thread Name: 

Win32 ThreadId:4492

Extended Properties: 
----------------------------------------
----------------------------------------
Timestamp: 2016-04-21 12:24:44

Message: HandlingInstanceID: 53d83808-6054-4781-a8e4-87a443cd4408
An exception of type 'System.NullReferenceException' occurred and was caught.
-----------------------------------------------------------------------------
04/21/2016 20:24:44
Type : System.NullReferenceException, mscorlib, Version=4.0.0.0, Culture=neutral, PublicKeyToken=b77a5c561934e089
Message : 未将对象引用设置到对象的实例。
Source : EFWCoreLib
Help link : 
Data : System.Collections.ListDictionaryInternal
TargetSite : EFWCoreLib.CoreFrame.Init.AttributeManager.WcfControllerAttributeInfo GetPluginWcfControllerAttributeInfo(System.String, System.String, EFWCoreLib.CoreFrame.Plugin.ModulePlugin ByRef)
HResult : -2147467261
Stack Trace :    在 EFWCoreLib.CoreFrame.Init.AppPluginManage.GetPluginWcfControllerAttributeInfo(String pluginname, String name, ModulePlugin& mp) 位置 d:\工作台\efwplus_wcfframe\EFWCoreLib\CoreFrame\Init\AppPluginManage.cs:行号 163
   在 EFWCoreLib.WcfFrame.ServerController.ControllerHelper.CreateController(String controllername) 位置 d:\工作台\efwplus_wcfframe\EFWCoreLib\WcfFrame\ServerController\ControllerHelper.cs:行号 22
   在 EFWCoreLib.WcfFrame.ServerController.WcfServerManage.ProcessRequest(String clientId, String controller, String method, String jsondata) 位置 d:\工作台\efwplus_wcfframe\EFWCoreLib\WcfFrame\ServerController\WcfServerManage.cs:行号 78

Additional Info:

MachineName : UALG394S3SBEXSU
TimeStamp : 2016-04-21 12:24:44
FullName : Microsoft.Practices.EnterpriseLibrary.ExceptionHandling, Version=5.0.414.0, Culture=neutral, PublicKeyToken=31bf3856ad364e35
AppDomainName : WCF服务主机.vshost.exe
ThreadIdentity : 
WindowsIdentity : UALG394S3SBEXSU\Administrator


Category: FileLog

Priority: 0

EventId: 100

Severity: Error

Title:Enterprise Library Exception Handling

Machine: UALG394S3SBEXSU

App Domain: WCF服务主机.vshost.exe

ProcessId: 6580

Process Name: D:\工作台\efwplus_wcfframe\Output\WCF服务主机.vshost.exe

Thread Name: 

Win32 ThreadId:8500

Extended Properties: 
----------------------------------------
----------------------------------------
Timestamp: 2016-04-21 16:15:18

Message: HandlingInstanceID: d91d9b28-2794-41b8-9f1e-6cc578f59e63
An exception of type 'System.NullReferenceException' occurred and was caught.
-----------------------------------------------------------------------------
04/22/2016 00:15:18
Type : System.NullReferenceException, mscorlib, Version=4.0.0.0, Culture=neutral, PublicKeyToken=b77a5c561934e089
Message : 未将对象引用设置到对象的实例。
Source : EFWCoreLib
Help link : 
Data : System.Collections.ListDictionaryInternal
TargetSite : EFWCoreLib.CoreFrame.Init.AttributeManager.WcfControllerAttributeInfo GetPluginWcfControllerAttributeInfo(System.String, System.String, EFWCoreLib.CoreFrame.Plugin.ModulePlugin ByRef)
HResult : -2147467261
Stack Trace :    在 EFWCoreLib.CoreFrame.Init.AppPluginManage.GetPluginWcfControllerAttributeInfo(String pluginname, String name, ModulePlugin& mp) 位置 d:\工作台\efwplus_wcfframe\EFWCoreLib\CoreFrame\Init\AppPluginManage.cs:行号 163
   在 EFWCoreLib.WcfFrame.ServerController.ControllerHelper.CreateController(String controllername) 位置 d:\工作台\efwplus_wcfframe\EFWCoreLib\WcfFrame\ServerController\ControllerHelper.cs:行号 22
   在 EFWCoreLib.WcfFrame.ServerController.WcfServerManage.ProcessRequest(String clientId, String controller, String method, String jsondata) 位置 d:\工作台\efwplus_wcfframe\EFWCoreLib\WcfFrame\ServerController\WcfServerManage.cs:行号 80

Additional Info:

MachineName : UALG394S3SBEXSU
TimeStamp : 2016-04-21 16:15:18
FullName : Microsoft.Practices.EnterpriseLibrary.ExceptionHandling, Version=5.0.414.0, Culture=neutral, PublicKeyToken=31bf3856ad364e35
AppDomainName : WCF服务主机.vshost.exe
ThreadIdentity : 
WindowsIdentity : UALG394S3SBEXSU\Administrator


Category: FileLog

Priority: 0

EventId: 100

Severity: Error

Title:Enterprise Library Exception Handling

Machine: UALG394S3SBEXSU

App Domain: WCF服务主机.vshost.exe

ProcessId: 1416

Process Name: D:\工作台\efwplus_wcfframe\Output\WCF服务主机.vshost.exe

Thread Name: 

Win32 ThreadId:8168

Extended Properties: 
----------------------------------------
----------------------------------------
Timestamp: 2016-04-22 14:21:17

Message: HandlingInstanceID: f2157ca4-fcb3-4e0c-94c9-fe02e5d1b4c3
An exception of type 'System.Exception' occurred and was caught.
----------------------------------------------------------------
04/22/2016 22:21:17
Type : System.Exception, mscorlib, Version=4.0.0.0, Culture=neutral, PublicKeyToken=b77a5c561934e089
Message : 客户端不存在，正在创建新的连接！
Source : EFWCoreLib
Help link : 
Data : System.Collections.ListDictionaryInternal
TargetSite : System.String ProcessRequest(System.String, System.String, System.String, System.String)
HResult : -2146233088
Stack Trace :    在 EFWCoreLib.WcfFrame.ServerController.WcfServerManage.ProcessRequest(String clientId, String controller, String method, String jsondata) 位置 d:\工作台\efwplus_wcfframe\EFWCoreLib\WcfFrame\ServerController\WcfServerManage.cs:行号 105

Additional Info:

MachineName : UALG394S3SBEXSU
TimeStamp : 2016-04-22 14:21:17
FullName : Microsoft.Practices.EnterpriseLibrary.ExceptionHandling, Version=5.0.414.0, Culture=neutral, PublicKeyToken=31bf3856ad364e35
AppDomainName : WCF服务主机.vshost.exe
ThreadIdentity : 
WindowsIdentity : UALG394S3SBEXSU\Administrator


Category: FileLog

Priority: 0

EventId: 100

Severity: Error

Title:Enterprise Library Exception Handling

Machine: UALG394S3SBEXSU

App Domain: WCF服务主机.vshost.exe

ProcessId: 11412

Process Name: D:\工作台\efwplus_wcfframe\Output\WCF服务主机.vshost.exe

Thread Name: 

Win32 ThreadId:13976

Extended Properties: 
----------------------------------------
----------------------------------------
Timestamp: 2016-04-22 14:21:28

Message: HandlingInstanceID: 0651188c-b2e2-41f8-84a3-ba0dedaf22bf
An exception of type 'System.Exception' occurred and was caught.
----------------------------------------------------------------
04/22/2016 22:21:28
Type : System.Exception, mscorlib, Version=4.0.0.0, Culture=neutral, PublicKeyToken=b77a5c561934e089
Message : 客户端不存在，正在创建新的连接！
Source : EFWCoreLib
Help link : 
Data : System.Collections.ListDictionaryInternal
TargetSite : System.String ProcessRequest(System.String, System.String, System.String, System.String)
HResult : -2146233088
Stack Trace :    在 EFWCoreLib.WcfFrame.ServerController.WcfServerManage.ProcessRequest(String clientId, String controller, String method, String jsondata) 位置 d:\工作台\efwplus_wcfframe\EFWCoreLib\WcfFrame\ServerController\WcfServerManage.cs:行号 105

Additional Info:

MachineName : UALG394S3SBEXSU
TimeStamp : 2016-04-22 14:21:28
FullName : Microsoft.Practices.EnterpriseLibrary.ExceptionHandling, Version=5.0.414.0, Culture=neutral, PublicKeyToken=31bf3856ad364e35
AppDomainName : WCF服务主机.vshost.exe
ThreadIdentity : 
WindowsIdentity : UALG394S3SBEXSU\Administrator


Category: FileLog

Priority: 0

EventId: 100

Severity: Error

Title:Enterprise Library Exception Handling

Machine: UALG394S3SBEXSU

App Domain: WCF服务主机.vshost.exe

ProcessId: 11412

Process Name: D:\工作台\efwplus_wcfframe\Output\WCF服务主机.vshost.exe

Thread Name: 

Win32 ThreadId:13976

Extended Properties: 
----------------------------------------
----------------------------------------
Timestamp: 2016-04-22 14:52:20

Message: HandlingInstanceID: ef59b6f9-af90-4946-a2cd-ba3abaad94cd
An exception of type 'System.NullReferenceException' occurred and was caught.
-----------------------------------------------------------------------------
04/22/2016 22:52:20
Type : System.NullReferenceException, mscorlib, Version=4.0.0.0, Culture=neutral, PublicKeyToken=b77a5c561934e089
Message : 未将对象引用设置到对象的实例。
Source : EFWCoreLib
Help link : 
Data : System.Collections.ListDictionaryInternal
TargetSite : EFWCoreLib.CoreFrame.Init.AttributeManager.WcfControllerAttributeInfo GetPluginWcfControllerAttributeInfo(System.String, System.String, EFWCoreLib.CoreFrame.Plugin.ModulePlugin ByRef)
HResult : -2147467261
Stack Trace :    在 EFWCoreLib.CoreFrame.Init.AppPluginManage.GetPluginWcfControllerAttributeInfo(String pluginname, String name, ModulePlugin& mp) 位置 d:\工作台\efwplus_wcfframe\EFWCoreLib\CoreFrame\Init\AppPluginManage.cs:行号 163
   在 EFWCoreLib.WcfFrame.ServerController.ControllerHelper.CreateController(String controllername) 位置 d:\工作台\efwplus_wcfframe\EFWCoreLib\WcfFrame\ServerController\ControllerHelper.cs:行号 22
   在 EFWCoreLib.WcfFrame.ServerController.WcfServerManage.ProcessRequest(String clientId, String controller, String method, String jsondata) 位置 d:\工作台\efwplus_wcfframe\EFWCoreLib\WcfFrame\ServerController\WcfServerManage.cs:行号 105

Additional Info:

MachineName : UALG394S3SBEXSU
TimeStamp : 2016-04-22 14:52:20
FullName : Microsoft.Practices.EnterpriseLibrary.ExceptionHandling, Version=5.0.414.0, Culture=neutral, PublicKeyToken=31bf3856ad364e35
AppDomainName : WCF服务主机.vshost.exe
ThreadIdentity : 
WindowsIdentity : UALG394S3SBEXSU\Administrator


Category: FileLog

Priority: 0

EventId: 100

Severity: Error

Title:Enterprise Library Exception Handling

Machine: UALG394S3SBEXSU

App Domain: WCF服务主机.vshost.exe

ProcessId: 13368

Process Name: D:\工作台\efwplus_wcfframe\Output\WCF服务主机.vshost.exe

Thread Name: 

Win32 ThreadId:4176

Extended Properties: 
----------------------------------------
----------------------------------------
Timestamp: 2016-04-22 15:06:26

Message: HandlingInstanceID: 48702118-d8cc-4c57-8f46-d0fceaf4bce3
An exception of type 'System.Exception' occurred and was caught.
----------------------------------------------------------------
04/22/2016 23:06:26
Type : System.Exception, mscorlib, Version=4.0.0.0, Culture=neutral, PublicKeyToken=b77a5c561934e089
Message : 客户端不存在，正在创建新的连接！
Source : EFWCoreLib
Help link : 
Data : System.Collections.ListDictionaryInternal
TargetSite : System.String ProcessRequest(System.String, System.String, System.String, System.String)
HResult : -2146233088
Stack Trace :    在 EFWCoreLib.WcfFrame.ServerController.WcfServerManage.ProcessRequest(String clientId, String controller, String method, String jsondata) 位置 d:\工作台\efwplus_wcfframe\EFWCoreLib\WcfFrame\ServerController\WcfServerManage.cs:行号 105

Additional Info:

MachineName : UALG394S3SBEXSU
TimeStamp : 2016-04-22 15:06:26
FullName : Microsoft.Practices.EnterpriseLibrary.ExceptionHandling, Version=5.0.414.0, Culture=neutral, PublicKeyToken=31bf3856ad364e35
AppDomainName : WCF服务主机.vshost.exe
ThreadIdentity : 
WindowsIdentity : UALG394S3SBEXSU\Administrator


Category: FileLog

Priority: 0

EventId: 100

Severity: Error

Title:Enterprise Library Exception Handling

Machine: UALG394S3SBEXSU

App Domain: WCF服务主机.vshost.exe

ProcessId: 11612

Process Name: D:\工作台\efwplus_wcfframe\Output\WCF服务主机.vshost.exe

Thread Name: 

Win32 ThreadId:3888

Extended Properties: 
----------------------------------------
----------------------------------------
Timestamp: 2016-04-22 15:15:38

Message: HandlingInstanceID: 2902b23d-9e71-4e64-9c88-d6568e1100b4
An exception of type 'System.NullReferenceException' occurred and was caught.
-----------------------------------------------------------------------------
04/22/2016 23:15:38
Type : System.NullReferenceException, mscorlib, Version=4.0.0.0, Culture=neutral, PublicKeyToken=b77a5c561934e089
Message : 未将对象引用设置到对象的实例。
Source : EFWCoreLib
Help link : 
Data : System.Collections.ListDictionaryInternal
TargetSite : EFWCoreLib.CoreFrame.Init.AttributeManager.WcfControllerAttributeInfo GetPluginWcfControllerAttributeInfo(System.String, System.String, EFWCoreLib.CoreFrame.Plugin.ModulePlugin ByRef)
HResult : -2147467261
Stack Trace :    在 EFWCoreLib.CoreFrame.Init.AppPluginManage.GetPluginWcfControllerAttributeInfo(String pluginname, String name, ModulePlugin& mp) 位置 d:\工作台\efwplus_wcfframe\EFWCoreLib\CoreFrame\Init\AppPluginManage.cs:行号 163
   在 EFWCoreLib.WcfFrame.ServerController.ControllerHelper.CreateController(String controllername) 位置 d:\工作台\efwplus_wcfframe\EFWCoreLib\WcfFrame\ServerController\ControllerHelper.cs:行号 22
   在 EFWCoreLib.WcfFrame.ServerController.WcfServerManage.ProcessRequest(String clientId, String controller, String method, String jsondata) 位置 d:\工作台\efwplus_wcfframe\EFWCoreLib\WcfFrame\ServerController\WcfServerManage.cs:行号 105

Additional Info:

MachineName : UALG394S3SBEXSU
TimeStamp : 2016-04-22 15:15:38
FullName : Microsoft.Practices.EnterpriseLibrary.ExceptionHandling, Version=5.0.414.0, Culture=neutral, PublicKeyToken=31bf3856ad364e35
AppDomainName : WCF服务主机.vshost.exe
ThreadIdentity : 
WindowsIdentity : UALG394S3SBEXSU\Administrator


Category: FileLog

Priority: 0

EventId: 100

Severity: Error

Title:Enterprise Library Exception Handling

Machine: UALG394S3SBEXSU

App Domain: WCF服务主机.vshost.exe

ProcessId: 14312

Process Name: D:\工作台\efwplus_wcfframe\Output\WCF服务主机.vshost.exe

Thread Name: 

Win32 ThreadId:10476

Extended Properties: 
----------------------------------------
----------------------------------------
Timestamp: 2016-04-22 15:20:49

Message: HandlingInstanceID: 306f5d0b-06a0-442f-a57c-126041688b05
An exception of type 'System.Exception' occurred and was caught.
----------------------------------------------------------------
04/22/2016 23:20:49
Type : System.Exception, mscorlib, Version=4.0.0.0, Culture=neutral, PublicKeyToken=b77a5c561934e089
Message : 客户端不存在，正在创建新的连接！
Source : EFWCoreLib
Help link : 
Data : System.Collections.ListDictionaryInternal
TargetSite : System.String ProcessRequest(System.String, System.String, System.String, System.String)
HResult : -2146233088
Stack Trace :    在 EFWCoreLib.WcfFrame.ServerController.WcfServerManage.ProcessRequest(String clientId, String controller, String method, String jsondata) 位置 d:\工作台\efwplus_wcfframe\EFWCoreLib\WcfFrame\ServerController\WcfServerManage.cs:行号 105

Additional Info:

MachineName : UALG394S3SBEXSU
TimeStamp : 2016-04-22 15:20:49
FullName : Microsoft.Practices.EnterpriseLibrary.ExceptionHandling, Version=5.0.414.0, Culture=neutral, PublicKeyToken=31bf3856ad364e35
AppDomainName : WCF服务主机.vshost.exe
ThreadIdentity : 
WindowsIdentity : UALG394S3SBEXSU\Administrator


Category: FileLog

Priority: 0

EventId: 100

Severity: Error

Title:Enterprise Library Exception Handling

Machine: UALG394S3SBEXSU

App Domain: WCF服务主机.vshost.exe

ProcessId: 4492

Process Name: D:\工作台\efwplus_wcfframe\Output\WCF服务主机.vshost.exe

Thread Name: 

Win32 ThreadId:3548

Extended Properties: 
----------------------------------------
----------------------------------------
Timestamp: 2016-04-22 15:21:03

Message: HandlingInstanceID: 0bc7ebf3-a685-4eb6-9d8c-04d030e98ca7
An exception of type 'System.Exception' occurred and was caught.
----------------------------------------------------------------
04/22/2016 23:21:03
Type : System.Exception, mscorlib, Version=4.0.0.0, Culture=neutral, PublicKeyToken=b77a5c561934e089
Message : 客户端不存在，正在创建新的连接！
Source : EFWCoreLib
Help link : 
Data : System.Collections.ListDictionaryInternal
TargetSite : System.String ProcessRequest(System.String, System.String, System.String, System.String)
HResult : -2146233088
Stack Trace :    在 EFWCoreLib.WcfFrame.ServerController.WcfServerManage.ProcessRequest(String clientId, String controller, String method, String jsondata) 位置 d:\工作台\efwplus_wcfframe\EFWCoreLib\WcfFrame\ServerController\WcfServerManage.cs:行号 105

Additional Info:

MachineName : UALG394S3SBEXSU
TimeStamp : 2016-04-22 15:21:03
FullName : Microsoft.Practices.EnterpriseLibrary.ExceptionHandling, Version=5.0.414.0, Culture=neutral, PublicKeyToken=31bf3856ad364e35
AppDomainName : WCF服务主机.vshost.exe
ThreadIdentity : 
WindowsIdentity : UALG394S3SBEXSU\Administrator


Category: FileLog

Priority: 0

EventId: 100

Severity: Error

Title:Enterprise Library Exception Handling

Machine: UALG394S3SBEXSU

App Domain: WCF服务主机.vshost.exe

ProcessId: 4492

Process Name: D:\工作台\efwplus_wcfframe\Output\WCF服务主机.vshost.exe

Thread Name: 

Win32 ThreadId:3548

Extended Properties: 
----------------------------------------
----------------------------------------
Timestamp: 2016-04-22 15:21:08

Message: HandlingInstanceID: d25063ea-c168-4ecb-bdc2-f496fb2edeb2
An exception of type 'System.Exception' occurred and was caught.
----------------------------------------------------------------
04/22/2016 23:21:08
Type : System.Exception, mscorlib, Version=4.0.0.0, Culture=neutral, PublicKeyToken=b77a5c561934e089
Message : 客户端不存在，正在创建新的连接！
Source : EFWCoreLib
Help link : 
Data : System.Collections.ListDictionaryInternal
TargetSite : System.String ProcessRequest(System.String, System.String, System.String, System.String)
HResult : -2146233088
Stack Trace :    在 EFWCoreLib.WcfFrame.ServerController.WcfServerManage.ProcessRequest(String clientId, String controller, String method, String jsondata) 位置 d:\工作台\efwplus_wcfframe\EFWCoreLib\WcfFrame\ServerController\WcfServerManage.cs:行号 105

Additional Info:

MachineName : UALG394S3SBEXSU
TimeStamp : 2016-04-22 15:21:08
FullName : Microsoft.Practices.EnterpriseLibrary.ExceptionHandling, Version=5.0.414.0, Culture=neutral, PublicKeyToken=31bf3856ad364e35
AppDomainName : WCF服务主机.vshost.exe
ThreadIdentity : 
WindowsIdentity : UALG394S3SBEXSU\Administrator


Category: FileLog

Priority: 0

EventId: 100

Severity: Error

Title:Enterprise Library Exception Handling

Machine: UALG394S3SBEXSU

App Domain: WCF服务主机.vshost.exe

ProcessId: 4492

Process Name: D:\工作台\efwplus_wcfframe\Output\WCF服务主机.vshost.exe

Thread Name: 

Win32 ThreadId:3548

Extended Properties: 
----------------------------------------
----------------------------------------
Timestamp: 2016-04-22 15:21:11

Message: HandlingInstanceID: ef24f4bc-46a0-4672-a94a-dec9ee9d373f
An exception of type 'System.Exception' occurred and was caught.
----------------------------------------------------------------
04/22/2016 23:21:11
Type : System.Exception, mscorlib, Version=4.0.0.0, Culture=neutral, PublicKeyToken=b77a5c561934e089
Message : 客户端不存在，正在创建新的连接！
Source : EFWCoreLib
Help link : 
Data : System.Collections.ListDictionaryInternal
TargetSite : System.String ProcessRequest(System.String, System.String, System.String, System.String)
HResult : -2146233088
Stack Trace :    在 EFWCoreLib.WcfFrame.ServerController.WcfServerManage.ProcessRequest(String clientId, String controller, String method, String jsondata) 位置 d:\工作台\efwplus_wcfframe\EFWCoreLib\WcfFrame\ServerController\WcfServerManage.cs:行号 105

Additional Info:

MachineName : UALG394S3SBEXSU
TimeStamp : 2016-04-22 15:21:11
FullName : Microsoft.Practices.EnterpriseLibrary.ExceptionHandling, Version=5.0.414.0, Culture=neutral, PublicKeyToken=31bf3856ad364e35
AppDomainName : WCF服务主机.vshost.exe
ThreadIdentity : 
WindowsIdentity : UALG394S3SBEXSU\Administrator


Category: FileLog

Priority: 0

EventId: 100

Severity: Error

Title:Enterprise Library Exception Handling

Machine: UALG394S3SBEXSU

App Domain: WCF服务主机.vshost.exe

ProcessId: 4492

Process Name: D:\工作台\efwplus_wcfframe\Output\WCF服务主机.vshost.exe

Thread Name: 

Win32 ThreadId:13756

Extended Properties: 
----------------------------------------
----------------------------------------
Timestamp: 2016-04-22 15:21:13

Message: HandlingInstanceID: cedab8b2-2caa-4464-b552-0d536993fdf5
An exception of type 'System.Exception' occurred and was caught.
----------------------------------------------------------------
04/22/2016 23:21:13
Type : System.Exception, mscorlib, Version=4.0.0.0, Culture=neutral, PublicKeyToken=b77a5c561934e089
Message : 客户端不存在，正在创建新的连接！
Source : EFWCoreLib
Help link : 
Data : System.Collections.ListDictionaryInternal
TargetSite : System.String ProcessRequest(System.String, System.String, System.String, System.String)
HResult : -2146233088
Stack Trace :    在 EFWCoreLib.WcfFrame.ServerController.WcfServerManage.ProcessRequest(String clientId, String controller, String method, String jsondata) 位置 d:\工作台\efwplus_wcfframe\EFWCoreLib\WcfFrame\ServerController\WcfServerManage.cs:行号 105

Additional Info:

MachineName : UALG394S3SBEXSU
TimeStamp : 2016-04-22 15:21:13
FullName : Microsoft.Practices.EnterpriseLibrary.ExceptionHandling, Version=5.0.414.0, Culture=neutral, PublicKeyToken=31bf3856ad364e35
AppDomainName : WCF服务主机.vshost.exe
ThreadIdentity : 
WindowsIdentity : UALG394S3SBEXSU\Administrator


Category: FileLog

Priority: 0

EventId: 100

Severity: Error

Title:Enterprise Library Exception Handling

Machine: UALG394S3SBEXSU

App Domain: WCF服务主机.vshost.exe

ProcessId: 4492

Process Name: D:\工作台\efwplus_wcfframe\Output\WCF服务主机.vshost.exe

Thread Name: 

Win32 ThreadId:3548

Extended Properties: 
----------------------------------------
----------------------------------------
Timestamp: 2016-04-22 15:22:22

Message: HandlingInstanceID: e9eebcf9-8c8a-4694-a7d0-0ef10c176037
An exception of type 'System.Exception' occurred and was caught.
----------------------------------------------------------------
04/22/2016 23:22:22
Type : System.Exception, mscorlib, Version=4.0.0.0, Culture=neutral, PublicKeyToken=b77a5c561934e089
Message : 客户端不存在，正在创建新的连接！
Source : EFWCoreLib
Help link : 
Data : System.Collections.ListDictionaryInternal
TargetSite : System.String ProcessRequest(System.String, System.String, System.String, System.String)
HResult : -2146233088
Stack Trace :    在 EFWCoreLib.WcfFrame.ServerController.WcfServerManage.ProcessRequest(String clientId, String controller, String method, String jsondata) 位置 d:\工作台\efwplus_wcfframe\EFWCoreLib\WcfFrame\ServerController\WcfServerManage.cs:行号 105

Additional Info:

MachineName : UALG394S3SBEXSU
TimeStamp : 2016-04-22 15:22:22
FullName : Microsoft.Practices.EnterpriseLibrary.ExceptionHandling, Version=5.0.414.0, Culture=neutral, PublicKeyToken=31bf3856ad364e35
AppDomainName : WCF服务主机.vshost.exe
ThreadIdentity : 
WindowsIdentity : UALG394S3SBEXSU\Administrator


Category: FileLog

Priority: 0

EventId: 100

Severity: Error

Title:Enterprise Library Exception Handling

Machine: UALG394S3SBEXSU

App Domain: WCF服务主机.vshost.exe

ProcessId: 4492

Process Name: D:\工作台\efwplus_wcfframe\Output\WCF服务主机.vshost.exe

Thread Name: 

Win32 ThreadId:3548

Extended Properties: 
----------------------------------------
----------------------------------------
Timestamp: 2016-04-22 15:22:30

Message: HandlingInstanceID: d2f5225a-acc9-475b-a8f1-d998d45146fb
An exception of type 'System.Exception' occurred and was caught.
----------------------------------------------------------------
04/22/2016 23:22:30
Type : System.Exception, mscorlib, Version=4.0.0.0, Culture=neutral, PublicKeyToken=b77a5c561934e089
Message : 客户端不存在，正在创建新的连接！
Source : EFWCoreLib
Help link : 
Data : System.Collections.ListDictionaryInternal
TargetSite : System.String ProcessRequest(System.String, System.String, System.String, System.String)
HResult : -2146233088
Stack Trace :    在 EFWCoreLib.WcfFrame.ServerController.WcfServerManage.ProcessRequest(String clientId, String controller, String method, String jsondata) 位置 d:\工作台\efwplus_wcfframe\EFWCoreLib\WcfFrame\ServerController\WcfServerManage.cs:行号 105

Additional Info:

MachineName : UALG394S3SBEXSU
TimeStamp : 2016-04-22 15:22:30
FullName : Microsoft.Practices.EnterpriseLibrary.ExceptionHandling, Version=5.0.414.0, Culture=neutral, PublicKeyToken=31bf3856ad364e35
AppDomainName : WCF服务主机.vshost.exe
ThreadIdentity : 
WindowsIdentity : UALG394S3SBEXSU\Administrator


Category: FileLog

Priority: 0

EventId: 100

Severity: Error

Title:Enterprise Library Exception Handling

Machine: UALG394S3SBEXSU

App Domain: WCF服务主机.vshost.exe

ProcessId: 4492

Process Name: D:\工作台\efwplus_wcfframe\Output\WCF服务主机.vshost.exe

Thread Name: 

Win32 ThreadId:3548

Extended Properties: 
----------------------------------------
----------------------------------------
Timestamp: 2016-04-22 15:22:37

Message: HandlingInstanceID: 4ee1069f-5f45-4c98-86b5-4bb7c0a5b952
An exception of type 'System.Exception' occurred and was caught.
----------------------------------------------------------------
04/22/2016 23:22:37
Type : System.Exception, mscorlib, Version=4.0.0.0, Culture=neutral, PublicKeyToken=b77a5c561934e089
Message : 客户端不存在，正在创建新的连接！
Source : EFWCoreLib
Help link : 
Data : System.Collections.ListDictionaryInternal
TargetSite : System.String ProcessRequest(System.String, System.String, System.String, System.String)
HResult : -2146233088
Stack Trace :    在 EFWCoreLib.WcfFrame.ServerController.WcfServerManage.ProcessRequest(String clientId, String controller, String method, String jsondata) 位置 d:\工作台\efwplus_wcfframe\EFWCoreLib\WcfFrame\ServerController\WcfServerManage.cs:行号 105

Additional Info:

MachineName : UALG394S3SBEXSU
TimeStamp : 2016-04-22 15:22:37
FullName : Microsoft.Practices.EnterpriseLibrary.ExceptionHandling, Version=5.0.414.0, Culture=neutral, PublicKeyToken=31bf3856ad364e35
AppDomainName : WCF服务主机.vshost.exe
ThreadIdentity : 
WindowsIdentity : UALG394S3SBEXSU\Administrator


Category: FileLog

Priority: 0

EventId: 100

Severity: Error

Title:Enterprise Library Exception Handling

Machine: UALG394S3SBEXSU

App Domain: WCF服务主机.vshost.exe

ProcessId: 4492

Process Name: D:\工作台\efwplus_wcfframe\Output\WCF服务主机.vshost.exe

Thread Name: 

Win32 ThreadId:3548

Extended Properties: 
----------------------------------------
----------------------------------------
Timestamp: 2016-04-22 15:22:55

Message: HandlingInstanceID: 550c834a-0473-4d21-a4ca-bae7afb3ca4f
An exception of type 'System.Exception' occurred and was caught.
----------------------------------------------------------------
04/22/2016 23:22:55
Type : System.Exception, mscorlib, Version=4.0.0.0, Culture=neutral, PublicKeyToken=b77a5c561934e089
Message : 客户端不存在，正在创建新的连接！
Source : EFWCoreLib
Help link : 
Data : System.Collections.ListDictionaryInternal
TargetSite : System.String ProcessRequest(System.String, System.String, System.String, System.String)
HResult : -2146233088
Stack Trace :    在 EFWCoreLib.WcfFrame.ServerController.WcfServerManage.ProcessRequest(String clientId, String controller, String method, String jsondata) 位置 d:\工作台\efwplus_wcfframe\EFWCoreLib\WcfFrame\ServerController\WcfServerManage.cs:行号 105

Additional Info:

MachineName : UALG394S3SBEXSU
TimeStamp : 2016-04-22 15:22:55
FullName : Microsoft.Practices.EnterpriseLibrary.ExceptionHandling, Version=5.0.414.0, Culture=neutral, PublicKeyToken=31bf3856ad364e35
AppDomainName : WCF服务主机.vshost.exe
ThreadIdentity : 
WindowsIdentity : UALG394S3SBEXSU\Administrator


Category: FileLog

Priority: 0

EventId: 100

Severity: Error

Title:Enterprise Library Exception Handling

Machine: UALG394S3SBEXSU

App Domain: WCF服务主机.vshost.exe

ProcessId: 4492

Process Name: D:\工作台\efwplus_wcfframe\Output\WCF服务主机.vshost.exe

Thread Name: 

Win32 ThreadId:3548

Extended Properties: 
----------------------------------------
----------------------------------------
Timestamp: 2016-04-22 15:40:24

Message: HandlingInstanceID: 8609137e-041a-4665-8e65-16bcaa2359c0
An exception of type 'System.Exception' occurred and was caught.
----------------------------------------------------------------
04/22/2016 23:40:24
Type : System.Exception, mscorlib, Version=4.0.0.0, Culture=neutral, PublicKeyToken=b77a5c561934e089
Message : 客户端不存在，正在创建新的连接！
Source : EFWCoreLib
Help link : 
Data : System.Collections.ListDictionaryInternal
TargetSite : System.String ProcessRequest(System.String, System.String, System.String, System.String)
HResult : -2146233088
Stack Trace :    在 EFWCoreLib.WcfFrame.ServerController.WcfServerManage.ProcessRequest(String clientId, String controller, String method, String jsondata) 位置 d:\工作台\efwplus_wcfframe\EFWCoreLib\WcfFrame\ServerController\WcfServerManage.cs:行号 105

Additional Info:

MachineName : UALG394S3SBEXSU
TimeStamp : 2016-04-22 15:40:24
FullName : Microsoft.Practices.EnterpriseLibrary.ExceptionHandling, Version=5.0.414.0, Culture=neutral, PublicKeyToken=31bf3856ad364e35
AppDomainName : WCF服务主机.vshost.exe
ThreadIdentity : 
WindowsIdentity : UALG394S3SBEXSU\Administrator


Category: FileLog

Priority: 0

EventId: 100

Severity: Error

Title:Enterprise Library Exception Handling

Machine: UALG394S3SBEXSU

App Domain: WCF服务主机.vshost.exe

ProcessId: 14248

Process Name: D:\工作台\efwplus_wcfframe\Output\WCF服务主机.vshost.exe

Thread Name: 

Win32 ThreadId:3036

Extended Properties: 
----------------------------------------
----------------------------------------
Timestamp: 2016-04-22 15:53:13

Message: HandlingInstanceID: 1a80cc52-1cd1-4157-a8ca-81ac21278afe
An exception of type 'System.NullReferenceException' occurred and was caught.
-----------------------------------------------------------------------------
04/22/2016 23:53:13
Type : System.NullReferenceException, mscorlib, Version=4.0.0.0, Culture=neutral, PublicKeyToken=b77a5c561934e089
Message : 未将对象引用设置到对象的实例。
Source : EFWCoreLib
Help link : 
Data : System.Collections.ListDictionaryInternal
TargetSite : EFWCoreLib.CoreFrame.Init.AttributeManager.WcfControllerAttributeInfo GetPluginWcfControllerAttributeInfo(System.String, System.String, EFWCoreLib.CoreFrame.Plugin.ModulePlugin ByRef)
HResult : -2147467261
Stack Trace :    在 EFWCoreLib.CoreFrame.Init.AppPluginManage.GetPluginWcfControllerAttributeInfo(String pluginname, String name, ModulePlugin& mp) 位置 d:\工作台\efwplus_wcfframe\EFWCoreLib\CoreFrame\Init\AppPluginManage.cs:行号 163
   在 EFWCoreLib.WcfFrame.ServerController.ControllerHelper.CreateController(String controllername) 位置 d:\工作台\efwplus_wcfframe\EFWCoreLib\WcfFrame\ServerController\ControllerHelper.cs:行号 22
   在 EFWCoreLib.WcfFrame.ServerController.WcfServerManage.ProcessRequest(String clientId, String controller, String method, String jsondata) 位置 d:\工作台\efwplus_wcfframe\EFWCoreLib\WcfFrame\ServerController\WcfServerManage.cs:行号 105

Additional Info:

MachineName : UALG394S3SBEXSU
TimeStamp : 2016-04-22 15:53:13
FullName : Microsoft.Practices.EnterpriseLibrary.ExceptionHandling, Version=5.0.414.0, Culture=neutral, PublicKeyToken=31bf3856ad364e35
AppDomainName : WCF服务主机.vshost.exe
ThreadIdentity : 
WindowsIdentity : UALG394S3SBEXSU\Administrator


Category: FileLog

Priority: 0

EventId: 100

Severity: Error

Title:Enterprise Library Exception Handling

Machine: UALG394S3SBEXSU

App Domain: WCF服务主机.vshost.exe

ProcessId: 11332

Process Name: D:\工作台\efwplus_wcfframe\Output\WCF服务主机.vshost.exe

Thread Name: 

Win32 ThreadId:11948

Extended Properties: 
----------------------------------------
----------------------------------------
Timestamp: 2016-04-23 10:13:47

Message: HandlingInstanceID: 2badae3a-152a-47da-8210-5a18fa6476f4
An exception of type 'System.Exception' occurred and was caught.
----------------------------------------------------------------
04/23/2016 18:13:46
Type : System.Exception, mscorlib, Version=4.0.0.0, Culture=neutral, PublicKeyToken=b77a5c561934e089
Message : 控制器名称错误!
Source : EFWCoreLib
Help link : 
Data : System.Collections.ListDictionaryInternal
TargetSite : EFWCoreLib.WcfFrame.ServerController.WcfServerController CreateController(System.String)
HResult : -2146233088
Stack Trace :    在 EFWCoreLib.WcfFrame.ServerController.ControllerHelper.CreateController(String controllername) 位置 d:\工作台\efwplus_wcfframe\EFWCoreLib\WcfFrame\ServerController\ControllerHelper.cs:行号 19
   在 EFWCoreLib.WcfFrame.ServerController.WcfServerManage.ProcessRequest(String clientId, String controller, String method, String jsondata) 位置 d:\工作台\efwplus_wcfframe\EFWCoreLib\WcfFrame\ServerController\WcfServerManage.cs:行号 113

Additional Info:

MachineName : UALG394S3SBEXSU
TimeStamp : 2016-04-23 10:13:47
FullName : Microsoft.Practices.EnterpriseLibrary.ExceptionHandling, Version=5.0.414.0, Culture=neutral, PublicKeyToken=31bf3856ad364e35
AppDomainName : WCF服务主机.vshost.exe
ThreadIdentity : 
WindowsIdentity : UALG394S3SBEXSU\Administrator


Category: FileLog

Priority: 0

EventId: 100

Severity: Error

Title:Enterprise Library Exception Handling

Machine: UALG394S3SBEXSU

App Domain: WCF服务主机.vshost.exe

ProcessId: 8172

Process Name: D:\工作台\efwplus_wcfframe\Output\WCF服务主机.vshost.exe

Thread Name: 

Win32 ThreadId:6404

Extended Properties: 
----------------------------------------
----------------------------------------
Timestamp: 2016-04-23 10:16:49

Message: HandlingInstanceID: 93a4dd34-e6d6-4f2d-94f9-c6ddb775c8ad
An exception of type 'System.Exception' occurred and was caught.
----------------------------------------------------------------
04/23/2016 18:16:49
Type : System.Exception, mscorlib, Version=4.0.0.0, Culture=neutral, PublicKeyToken=b77a5c561934e089
Message : 控制器名称错误!
Source : EFWCoreLib
Help link : 
Data : System.Collections.ListDictionaryInternal
TargetSite : EFWCoreLib.WcfFrame.ServerController.WcfServerController CreateController(System.String)
HResult : -2146233088
Stack Trace :    在 EFWCoreLib.WcfFrame.ServerController.ControllerHelper.CreateController(String controllername) 位置 d:\工作台\efwplus_wcfframe\EFWCoreLib\WcfFrame\ServerController\ControllerHelper.cs:行号 19
   在 EFWCoreLib.WcfFrame.ServerController.WcfServerManage.ProcessRequest(String clientId, String controller, String method, String jsondata) 位置 d:\工作台\efwplus_wcfframe\EFWCoreLib\WcfFrame\ServerController\WcfServerManage.cs:行号 113

Additional Info:

MachineName : UALG394S3SBEXSU
TimeStamp : 2016-04-23 10:16:49
FullName : Microsoft.Practices.EnterpriseLibrary.ExceptionHandling, Version=5.0.414.0, Culture=neutral, PublicKeyToken=31bf3856ad364e35
AppDomainName : WCF服务主机.vshost.exe
ThreadIdentity : 
WindowsIdentity : UALG394S3SBEXSU\Administrator


Category: FileLog

Priority: 0

EventId: 100

Severity: Error

Title:Enterprise Library Exception Handling

Machine: UALG394S3SBEXSU

App Domain: WCF服务主机.vshost.exe

ProcessId: 9040

Process Name: D:\工作台\efwplus_wcfframe\Output\WCF服务主机.vshost.exe

Thread Name: 

Win32 ThreadId:7180

Extended Properties: 
----------------------------------------
----------------------------------------
Timestamp: 2016-04-23 13:33:21

Message: HandlingInstanceID: 3f00d992-5ca3-4cd1-827e-24690d557fd3
An exception of type 'System.Exception' occurred and was caught.
----------------------------------------------------------------
04/23/2016 21:33:21
Type : System.Exception, mscorlib, Version=4.0.0.0, Culture=neutral, PublicKeyToken=b77a5c561934e089
Message : 客户端不存在，正在创建新的连接！
Source : EFWCoreLib
Help link : 
Data : System.Collections.ListDictionaryInternal
TargetSite : System.String ProcessRequest(System.String, System.String, System.String, System.String)
HResult : -2146233088
Stack Trace :    在 EFWCoreLib.WcfFrame.ServerController.WcfServerManage.ProcessRequest(String clientId, String controller, String method, String jsondata) 位置 d:\工作台\efwplus_wcfframe\EFWCoreLib\WcfFrame\ServerController\WcfServerManage.cs:行号 107

Additional Info:

MachineName : UALG394S3SBEXSU
TimeStamp : 2016-04-23 13:33:21
FullName : Microsoft.Practices.EnterpriseLibrary.ExceptionHandling, Version=5.0.414.0, Culture=neutral, PublicKeyToken=31bf3856ad364e35
AppDomainName : WCF服务主机.vshost.exe
ThreadIdentity : 
WindowsIdentity : UALG394S3SBEXSU\Administrator


Category: FileLog

Priority: 0

EventId: 100

Severity: Error

Title:Enterprise Library Exception Handling

Machine: UALG394S3SBEXSU

App Domain: WCF服务主机.vshost.exe

ProcessId: 8248

Process Name: D:\工作台\efwplus_wcfframe\Output\WCF服务主机.vshost.exe

Thread Name: 

Win32 ThreadId:6944

Extended Properties: 
----------------------------------------
----------------------------------------
Timestamp: 2016-04-23 13:48:14

Message: HandlingInstanceID: a7cdcd28-d680-4360-9d6e-5652a65687dc
An exception of type 'System.Collections.Generic.KeyNotFoundException' occurred and was caught.
-----------------------------------------------------------------------------------------------
04/23/2016 21:48:14
Type : System.Collections.Generic.KeyNotFoundException, mscorlib, Version=4.0.0.0, Culture=neutral, PublicKeyToken=b77a5c561934e089
Message : 给定关键字不在字典中。
Source : mscorlib
Help link : 
Data : System.Collections.ListDictionaryInternal
TargetSite : TValue get_Item(TKey)
HResult : -2146232969
Stack Trace :    在 System.Collections.Generic.Dictionary`2.get_Item(TKey key)
   在 EFWCoreLib.WcfFrame.ServerController.WcfServerManage.ProcessRequest(String clientId, String controller, String method, String jsondata) 位置 d:\工作台\efwplus_wcfframe\EFWCoreLib\WcfFrame\ServerController\WcfServerManage.cs:行号 117

Additional Info:

MachineName : UALG394S3SBEXSU
TimeStamp : 2016-04-23 13:48:14
FullName : Microsoft.Practices.EnterpriseLibrary.ExceptionHandling, Version=5.0.414.0, Culture=neutral, PublicKeyToken=31bf3856ad364e35
AppDomainName : WCF服务主机.vshost.exe
ThreadIdentity : 
WindowsIdentity : UALG394S3SBEXSU\Administrator


Category: FileLog

Priority: 0

EventId: 100

Severity: Error

Title:Enterprise Library Exception Handling

Machine: UALG394S3SBEXSU

App Domain: WCF服务主机.vshost.exe

ProcessId: 9352

Process Name: D:\工作台\efwplus_wcfframe\Output\WCF服务主机.vshost.exe

Thread Name: 

Win32 ThreadId:9904

Extended Properties: 
----------------------------------------
----------------------------------------
Timestamp: 2016-04-23 14:07:26

Message: HandlingInstanceID: 634d6252-6115-4924-865e-8456072f2c5f
An exception of type 'System.Exception' occurred and was caught.
----------------------------------------------------------------
04/23/2016 22:07:26
Type : System.Exception, mscorlib, Version=4.0.0.0, Culture=neutral, PublicKeyToken=b77a5c561934e089
Message : 客户端不存在，正在创建新的连接！
Source : EFWCoreLib
Help link : 
Data : System.Collections.ListDictionaryInternal
TargetSite : System.String ProcessRequest(System.String, System.String, System.String, System.String)
HResult : -2146233088
Stack Trace :    在 EFWCoreLib.WcfFrame.ServerController.WcfServerManage.ProcessRequest(String clientId, String controller, String method, String jsondata) 位置 d:\工作台\efwplus_wcfframe\EFWCoreLib\WcfFrame\ServerController\WcfServerManage.cs:行号 107

Additional Info:

MachineName : UALG394S3SBEXSU
TimeStamp : 2016-04-23 14:07:26
FullName : Microsoft.Practices.EnterpriseLibrary.ExceptionHandling, Version=5.0.414.0, Culture=neutral, PublicKeyToken=31bf3856ad364e35
AppDomainName : WCF服务主机.vshost.exe
ThreadIdentity : 
WindowsIdentity : UALG394S3SBEXSU\Administrator


Category: FileLog

Priority: 0

EventId: 100

Severity: Error

Title:Enterprise Library Exception Handling

Machine: UALG394S3SBEXSU

App Domain: WCF服务主机.vshost.exe

ProcessId: 9140

Process Name: D:\工作台\efwplus_wcfframe\Output\WCF服务主机.vshost.exe

Thread Name: 

Win32 ThreadId:7712

Extended Properties: 
----------------------------------------
